"../../../Engine/Content/Functions/Engine_MaterialFunctions01/Shading/PowerToRoughness.uasset" 0
"../../../Engine/Content/Functions/Engine_MaterialFunctions01/Shading/PowerToRoughness.uexp" 1
"../../../Engine/Content/Functions/Engine_MaterialFunctions01/Shading/ConvertFromDiffSpec.uasset" 2
"../../../Engine/Content/Functions/Engine_MaterialFunctions01/Shading/ConvertFromDiffSpec.uexp" 3
"../../../Engine/Content/EngineSounds/Master.uasset" 4
"../../../Engine/Content/EngineSounds/Master.uexp" 5
"../../../Engine/Content/EngineSky/T_Sky_Stars.ubulk" 6
"../../../Engine/Content/EngineSky/T_Sky_Stars.uasset" 7
"../../../Engine/Content/EngineSky/T_Sky_Stars.uexp" 8
"../../../Engine/Content/EngineSky/T_Sky_Clouds_M.ubulk" 9
"../../../Engine/Content/EngineSky/T_Sky_Clouds_M.uasset" 10
"../../../Engine/Content/EngineSky/T_Sky_Clouds_M.uexp" 11
"../../../Engine/Content/EngineSky/T_Sky_Blue.ubulk" 12
"../../../Engine/Content/EngineSky/T_Sky_Blue.uasset" 13
"../../../Engine/Content/EngineSky/T_Sky_Blue.uexp" 14
"../../../Engine/Content/EngineSky/M_Sky_Panning_Clouds2.uasset" 15
"../../../Engine/Content/EngineSky/M_Sky_Panning_Clouds2.uexp" 16
"../../../Engine/Content/EngineSky/SM_SkySphere.uasset" 17
"../../../Engine/Content/EngineSky/SM_SkySphere.uexp" 18
"../../../Engine/Content/EngineSky/M_SimpleSkyDome.uasset" 19
"../../../Engine/Content/EngineSky/M_SimpleSkyDome.uexp" 20
"../../../Engine/Content/EngineSky/VolumetricClouds/CloudWeatherTexture.uasset" 21
"../../../Engine/Content/EngineSky/VolumetricClouds/CloudWeatherTexture.uexp" 22
"../../../Engine/Content/Functions/Engine_MaterialFunctions02/Utility/MakeFloat2.uasset" 23
"../../../Engine/Content/Functions/Engine_MaterialFunctions02/Utility/MakeFloat2.uexp" 24
"../../../Engine/Content/EngineSky/VolumetricClouds/CloudGradientTexture.uasset" 25
"../../../Engine/Content/EngineSky/VolumetricClouds/CloudGradientTexture.uexp" 26
"../../../Engine/Content/EngineSky/VolumetricClouds/T_NoiseShape64.ubulk" 27
"../../../Engine/Content/EngineSky/VolumetricClouds/T_NoiseShape64.uasset" 28
"../../../Engine/Content/EngineSky/VolumetricClouds/T_NoiseShape64.uexp" 29
"../../../Engine/Content/EngineSky/VolumetricClouds/T_VolumeNoiseShape64.uasset" 30
"../../../Engine/Content/EngineSky/VolumetricClouds/T_VolumeNoiseShape64.uexp" 31
"../../../Engine/Content/EngineSky/VolumetricClouds/T_NoiseErosion.ubulk" 32
"../../../Engine/Content/EngineSky/VolumetricClouds/T_NoiseErosion.uasset" 33
"../../../Engine/Content/EngineSky/VolumetricClouds/T_NoiseErosion.uexp" 34
"../../../Engine/Content/EngineSky/VolumetricClouds/T_VolumeNoiseErosion32.uasset" 35
"../../../Engine/Content/EngineSky/VolumetricClouds/T_VolumeNoiseErosion32.uexp" 36
"../../../Engine/Content/EngineSky/VolumetricClouds/m_SimpleVolumetricCloud.uasset" 37
"../../../Engine/Content/EngineSky/VolumetricClouds/m_SimpleVolumetricCloud.uexp" 38
"../../../Engine/Content/EngineSky/VolumetricClouds/m_SimpleVolumetricCloud_Inst.uasset" 39
"../../../Engine/Content/EngineSky/VolumetricClouds/m_SimpleVolumetricCloud_Inst.uexp" 40
"../../../Engine/Content/EngineResources/GradientTexture0.uasset" 41
"../../../Engine/Content/EngineResources/GradientTexture0.uexp" 42
"../../../Engine/Content/EngineResources/DefaultVolumeTexture2D.uasset" 43
"../../../Engine/Content/EngineResources/DefaultVolumeTexture2D.uexp" 44
"../../../Engine/Content/EngineResources/DefaultVolumeTexture.uasset" 45
"../../../Engine/Content/EngineResources/DefaultVolumeTexture.uexp" 46
"../../../Engine/Content/EngineResources/DefaultTextureCube.uasset" 47
"../../../Engine/Content/EngineResources/DefaultTextureCube.uexp" 48
"../../../Engine/Content/EngineResources/DefaultTexture.ubulk" 49
"../../../Engine/Content/EngineResources/DefaultTexture.uasset" 50
"../../../Engine/Content/EngineResources/DefaultTexture.uexp" 51
"../../../Engine/Content/EngineResources/Black.uasset" 52
"../../../Engine/Content/EngineResources/Black.uexp" 53
"../../../Engine/Content/EngineResources/FilmGrains/Marcie_Grain_v3_128_M2_000.uasset" 54
"../../../Engine/Content/EngineResources/FilmGrains/Marcie_Grain_v3_128_M2_000.uexp" 55
"../../../Engine/Content/EngineMeshes/Sphere.uasset" 56
"../../../Engine/Content/EngineMeshes/Sphere.uexp" 57
"../../../Engine/Content/EngineResources/WhiteSquareTexture.uasset" 58
"../../../Engine/Content/EngineResources/WhiteSquareTexture.uexp" 59
"../../../Engine/Content/EngineMaterials/Widget3DPassThrough.uasset" 60
"../../../Engine/Content/EngineMaterials/Widget3DPassThrough.uexp" 61
"../../../Engine/Content/EngineMaterials/Widget3DPassThrough_Translucent.uasset" 62
"../../../Engine/Content/EngineMaterials/Widget3DPassThrough_Translucent.uexp" 63
"../../../Engine/Content/EngineMaterials/Widget3DPassThrough_Translucent_OneSided.uasset" 64
"../../../Engine/Content/EngineMaterials/Widget3DPassThrough_Translucent_OneSided.uexp" 65
"../../../Engine/Content/EngineMaterials/Widget3DPassThrough_Opaque.uasset" 66
"../../../Engine/Content/EngineMaterials/Widget3DPassThrough_Opaque.uexp" 67
"../../../Engine/Content/EngineMaterials/Widget3DPassThrough_Opaque_OneSided.uasset" 68
"../../../Engine/Content/EngineMaterials/Widget3DPassThrough_Opaque_OneSided.uexp" 69
"../../../Engine/Content/EngineMaterials/Widget3DPassThrough_Masked_OneSided.uasset" 70
"../../../Engine/Content/EngineMaterials/Widget3DPassThrough_Masked_OneSided.uexp" 71
"../../../Engine/Content/EngineMaterials/Widget3DPassThrough_Masked.uasset" 72
"../../../Engine/Content/EngineMaterials/Widget3DPassThrough_Masked.uexp" 73
"../../../Engine/Content/EngineMaterials/WeightMapPlaceholderTexture.uasset" 74
"../../../Engine/Content/EngineMaterials/WeightMapPlaceholderTexture.uexp" 75
"../../../Engine/Content/EngineMaterials/RemoveSurfaceMaterial.uasset" 76
"../../../Engine/Content/EngineMaterials/RemoveSurfaceMaterial.uexp" 77
"../../../Engine/Content/EngineMaterials/PreintegratedSkinBRDF.uasset" 78
"../../../Engine/Content/EngineMaterials/PreintegratedSkinBRDF.uexp" 79
"../../../Engine/Content/EngineMaterials/DefaultCalibrationGrayscale.uasset" 80
"../../../Engine/Content/EngineMaterials/DefaultCalibrationGrayscale.uexp" 81
"../../../Engine/Content/EngineMaterials/PPM_DefaultCalibrationGrayscale.uasset" 82
"../../../Engine/Content/EngineMaterials/PPM_DefaultCalibrationGrayscale.uexp" 83
"../../../Engine/Content/EngineMaterials/DefaultCalibrationColor.uasset" 84
"../../../Engine/Content/EngineMaterials/DefaultCalibrationColor.uexp" 85
"../../../Engine/Content/EngineMaterials/PPM_DefaultCalibrationColor.uasset" 86
"../../../Engine/Content/EngineMaterials/PPM_DefaultCalibrationColor.uexp" 87
"../../../Engine/Content/Functions/Engine_MaterialFunctions02/WorldPositionOffset/CameraOffset.uasset" 88
"../../../Engine/Content/Functions/Engine_MaterialFunctions02/WorldPositionOffset/CameraOffset.uexp" 89
"../../../Engine/Content/EngineMaterials/PhAT_JointLimitMaterial.uasset" 90
"../../../Engine/Content/EngineMaterials/PhAT_JointLimitMaterial.uexp" 91
"../../../Engine/Content/EngineMaterials/InvalidLightmapSettings.ubulk" 92
"../../../Engine/Content/EngineMaterials/InvalidLightmapSettings.uasset" 93
"../../../Engine/Content/EngineMaterials/InvalidLightmapSettings.uexp" 94
"../../../Engine/Content/EngineMaterials/M_InvalidLightmapSettings.uasset" 95
"../../../Engine/Content/EngineMaterials/M_InvalidLightmapSettings.uexp" 96
"../../../Engine/Content/EngineMaterials/MiniFont.uasset" 97
"../../../Engine/Content/EngineMaterials/MiniFont.uexp" 98
"../../../Engine/Content/EngineMaterials/Good64x64TilingNoiseHighFreq.uasset" 99
"../../../Engine/Content/EngineMaterials/Good64x64TilingNoiseHighFreq.uexp" 100
"../../../Engine/Content/EngineMaterials/GizmoMaterial.uasset" 101
"../../../Engine/Content/EngineMaterials/GizmoMaterial.uexp" 102
"../../../Engine/Content/EngineMaterials/BaseFlattenEmissiveMap_VT.uasset" 103
"../../../Engine/Content/EngineMaterials/BaseFlattenEmissiveMap_VT.uexp" 104
"../../../Engine/Content/EngineMaterials/BaseFlattenGrayscaleMap_VT.uasset" 105
"../../../Engine/Content/EngineMaterials/BaseFlattenGrayscaleMap_VT.uexp" 106
"../../../Engine/Content/EngineMaterials/BaseFlattenLinearColor_VT.uasset" 107
"../../../Engine/Content/EngineMaterials/BaseFlattenLinearColor_VT.uexp" 108
"../../../Engine/Content/EngineMaterials/Black_1x1_EXR_Texture_VT.uasset" 109
"../../../Engine/Content/EngineMaterials/Black_1x1_EXR_Texture_VT.uexp" 110
"../../../Engine/Content/EngineMaterials/BaseFlattenDiffuseMap_VT.uasset" 111
"../../../Engine/Content/EngineMaterials/BaseFlattenDiffuseMap_VT.uexp" 112
"../../../Engine/Content/EngineMaterials/BaseFlattenNormalMap_VT.uasset" 113
"../../../Engine/Content/EngineMaterials/BaseFlattenNormalMap_VT.uexp" 114
"../../../Engine/Content/EngineMaterials/FlattenMaterial_WS_Normal_VT.uasset" 115
"../../../Engine/Content/EngineMaterials/FlattenMaterial_WS_Normal_VT.uexp" 116
"../../../Engine/Content/EngineMaterials/FlattenMaterial_VT.uasset" 117
"../../../Engine/Content/EngineMaterials/FlattenMaterial_VT.uexp" 118
"../../../Engine/Content/EngineMaterials/BaseFlattenNormalMap.uasset" 119
"../../../Engine/Content/EngineMaterials/BaseFlattenNormalMap.uexp" 120
"../../../Engine/Content/EngineMaterials/BaseFlattenGrayscaleMap.uasset" 121
"../../../Engine/Content/EngineMaterials/BaseFlattenGrayscaleMap.uexp" 122
"../../../Engine/Content/EngineMaterials/BaseFlattenDiffuseMap.uasset" 123
"../../../Engine/Content/EngineMaterials/BaseFlattenDiffuseMap.uexp" 124
"../../../Engine/Content/Functions/Engine_MaterialFunctions02/PivotPainter2/Black_1x1_EXR_Texture.uasset" 125
"../../../Engine/Content/Functions/Engine_MaterialFunctions02/PivotPainter2/Black_1x1_EXR_Texture.uexp" 126
"../../../Engine/Content/EngineMaterials/BaseFlattenEmissiveMap.uasset" 127
"../../../Engine/Content/EngineMaterials/BaseFlattenEmissiveMap.uexp" 128
"../../../Engine/Content/EngineMaterials/BaseFlattenLinearColor.uasset" 129
"../../../Engine/Content/EngineMaterials/BaseFlattenLinearColor.uexp" 130
"../../../Engine/Content/EngineMaterials/FlattenMaterial.uasset" 131
"../../../Engine/Content/EngineMaterials/FlattenMaterial.uexp" 132
"../../../Engine/Content/EngineMaterials/DefaultWhiteGrid_Low.uasset" 133
"../../../Engine/Content/EngineMaterials/DefaultWhiteGrid_Low.uexp" 134
"../../../Engine/Content/EngineMaterials/EmissiveMeshMaterial.uasset" 135
"../../../Engine/Content/EngineMaterials/EmissiveMeshMaterial.uexp" 136
"../../../Engine/Content/EngineMaterials/DefaultWhiteGrid.ubulk" 137
"../../../Engine/Content/EngineMaterials/DefaultWhiteGrid.uasset" 138
"../../../Engine/Content/EngineMaterials/DefaultWhiteGrid.uexp" 139
"../../../Engine/Content/EngineFonts/RobotoDistanceField.uasset" 140
"../../../Engine/Content/EngineFonts/RobotoDistanceField.uexp" 141
"../../../Engine/Content/EngineMaterials/DefaultTextMaterialOpaque.uasset" 142
"../../../Engine/Content/EngineMaterials/DefaultTextMaterialOpaque.uexp" 143
"../../../Engine/Content/EngineMaterials/DefaultDiffuse.ubulk" 144
"../../../Engine/Content/EngineMaterials/DefaultDiffuse.uasset" 145
"../../../Engine/Content/EngineMaterials/DefaultDiffuse.uexp" 146
"../../../Engine/Content/Functions/Engine_MaterialFunctions02/Utility/BreakOutFloat2Components.uasset" 147
"../../../Engine/Content/Functions/Engine_MaterialFunctions02/Utility/BreakOutFloat2Components.uexp" 148
"../../../Engine/Content/EngineMaterials/DefaultPostProcessMaterial.uasset" 149
"../../../Engine/Content/EngineMaterials/DefaultPostProcessMaterial.uexp" 150
"../../../Engine/Content/EngineMaterials/DefaultPhysicalMaterial.uasset" 151
"../../../Engine/Content/EngineMaterials/DefaultPhysicalMaterial.uexp" 152
"../../../Engine/Content/EngineMaterials/DefaultLightFunctionMaterial.uasset" 153
"../../../Engine/Content/EngineMaterials/DefaultLightFunctionMaterial.uexp" 154
"../../../Engine/Content/EngineMaterials/DefaultDestructiblePhysicalMaterial.uasset" 155
"../../../Engine/Content/EngineMaterials/DefaultDestructiblePhysicalMaterial.uexp" 156
"../../../Engine/Content/EngineMaterials/DefaultDeferredDecalMaterial.uasset" 157
"../../../Engine/Content/EngineMaterials/DefaultDeferredDecalMaterial.uexp" 158
"../../../Engine/Content/EngineMaterials/DefaultBokeh.uasset" 159
"../../../Engine/Content/EngineMaterials/DefaultBokeh.uexp" 160
"../../../Engine/Content/EngineMaterials/DefaultBloomKernel.uasset" 161
"../../../Engine/Content/EngineMaterials/DefaultBloomKernel.uexp" 162
"../../../Engine/Content/EngineMaterials/BlueNoise.uasset" 163
"../../../Engine/Content/EngineMaterials/BlueNoise.uexp" 164
"../../../Engine/Content/EngineFonts/Faces/RobotoLight.uexp" 165
"../../../Engine/Content/EngineFonts/Faces/RobotoLight.uasset" 166
"../../../Engine/Content/EngineFonts/Faces/RobotoLight.ufont" 167
"../../../Engine/Content/EngineFonts/Faces/RobotoBold.uexp" 168
"../../../Engine/Content/EngineFonts/Faces/RobotoBold.uasset" 169
"../../../Engine/Content/EngineFonts/Faces/RobotoBold.ufont" 170
"../../../Engine/Content/EngineFonts/Faces/RobotoRegular.uexp" 171
"../../../Engine/Content/EngineFonts/Faces/RobotoRegular.uasset" 172
"../../../Engine/Content/EngineFonts/Faces/RobotoRegular.ufont" 173
"../../../Engine/Content/EngineFonts/Faces/DroidSansFallback.uexp" 174
"../../../Engine/Content/EngineFonts/Faces/DroidSansFallback.uasset" 175
"../../../Engine/Content/EngineFonts/Faces/DroidSansFallback.ufont" 176
"../../../Engine/Content/EngineFonts/Faces/RobotoItalic.uexp" 177
"../../../Engine/Content/EngineFonts/Faces/RobotoItalic.uasset" 178
"../../../Engine/Content/EngineFonts/Faces/RobotoItalic.ufont" 179
"../../../Engine/Content/EngineFonts/Faces/RobotoBoldItalic.uexp" 180
"../../../Engine/Content/EngineFonts/Faces/RobotoBoldItalic.uasset" 181
"../../../Engine/Content/EngineFonts/Faces/RobotoBoldItalic.ufont" 182
"../../../Engine/Content/EngineFonts/Roboto.uasset" 183
"../../../Engine/Content/EngineFonts/Roboto.uexp" 184
"../../../Engine/Content/Functions/Engine_MaterialFunctions02/Utility/CameraDirectionVector.uasset" 185
"../../../Engine/Content/Functions/Engine_MaterialFunctions02/Utility/CameraDirectionVector.uexp" 186
"../../../Engine/Content/EngineDebugMaterials/VolumeToRender.uasset" 187
"../../../Engine/Content/EngineDebugMaterials/VolumeToRender.uexp" 188
"../../../Engine/Content/EngineDebugMaterials/M_VolumeRenderSphereTracePP.uasset" 189
"../../../Engine/Content/EngineDebugMaterials/M_VolumeRenderSphereTracePP.uexp" 190
"../../../Engine/Content/EngineDebugMaterials/M_SimpleUnlitTranslucent.uasset" 191
"../../../Engine/Content/EngineDebugMaterials/M_SimpleUnlitTranslucent.uexp" 192
"../../../Engine/Content/EngineDebugMaterials/DebugMeshMaterial.uasset" 193
"../../../Engine/Content/EngineDebugMaterials/DebugMeshMaterial.uexp" 194
"../../../Engine/Content/EngineDebugMaterials/DebugEditorMaterial.uasset" 195
"../../../Engine/Content/EngineDebugMaterials/DebugEditorMaterial.uexp" 196
"../../../Engine/Content/EngineDamageTypes/DmgTypeBP_Environmental.uasset" 197
"../../../Engine/Content/EngineDamageTypes/DmgTypeBP_Environmental.uexp" 198
"../../../Engine/Content/EditorResources/S_TriggerSphere.uasset" 199
"../../../Engine/Content/EditorResources/S_TriggerSphere.uexp" 200
"../../../Engine/Content/EditorResources/S_TriggerCapsule.uasset" 201
"../../../Engine/Content/EditorResources/S_TriggerCapsule.uexp" 202
"../../../Engine/Content/EditorResources/S_TriggerBox.uasset" 203
"../../../Engine/Content/EditorResources/S_TriggerBox.uexp" 204
"../../../Engine/Content/EditorResources/S_Trigger.ubulk" 205
"../../../Engine/Content/EditorResources/S_Trigger.uasset" 206
"../../../Engine/Content/EditorResources/S_Trigger.uexp" 207
"../../../Engine/Content/EditorResources/S_Terrain.ubulk" 208
"../../../Engine/Content/EditorResources/S_Terrain.uasset" 209
"../../../Engine/Content/EditorResources/S_Terrain.uexp" 210
"../../../Engine/Content/EditorResources/S_Solver.ubulk" 211
"../../../Engine/Content/EditorResources/S_Solver.uasset" 212
"../../../Engine/Content/EditorResources/S_Solver.uexp" 213
"../../../Engine/Content/EditorResources/S_BoxReflectionCapture.uasset" 214
"../../../Engine/Content/EditorResources/S_BoxReflectionCapture.uexp" 215
"../../../Engine/Content/EditorResources/S_Actor.ubulk" 216
"../../../Engine/Content/EditorResources/S_Actor.uasset" 217
"../../../Engine/Content/EditorResources/S_Actor.uexp" 218
"../../../Engine/Content/EditorResources/EmptyActor.uasset" 219
"../../../Engine/Content/EditorResources/EmptyActor.uexp" 220
"../../../Engine/Content/EditorResources/BSPVertex.uasset" 221
"../../../Engine/Content/EditorResources/BSPVertex.uexp" 222
"../../../Engine/Content/EditorResources/SequenceRecorder/RecordingIndicator.uasset" 223
"../../../Engine/Content/EditorResources/SequenceRecorder/RecordingIndicator.uexp" 224
"../../../Engine/Content/EditorResources/SequenceRecorder/Countdown.uasset" 225
"../../../Engine/Content/EditorResources/SequenceRecorder/Countdown.uexp" 226
"../../../Engine/Content/EditorMaterials/Camera/CineMat.uasset" 227
"../../../Engine/Content/EditorMaterials/Camera/CineMat.uexp" 228
"../../../Engine/Content/EditorMaterials/Camera/MI_CineMat_Rig.uasset" 229
"../../../Engine/Content/EditorMaterials/Camera/MI_CineMat_Rig.uexp" 230
"../../../Engine/Content/EditorMeshes/Camera/SM_RailRig_Track.uasset" 231
"../../../Engine/Content/EditorMeshes/Camera/SM_RailRig_Track.uexp" 232
"../../../Engine/Content/EditorMeshes/Camera/SM_RailRig_Mount.uasset" 233
"../../../Engine/Content/EditorMeshes/Camera/SM_RailRig_Mount.uexp" 234
"../../../Engine/Content/EditorMeshes/Camera/SM_CraneRig_Mount.uasset" 235
"../../../Engine/Content/EditorMeshes/Camera/SM_CraneRig_Mount.uexp" 236
"../../../Engine/Content/EditorMeshes/Camera/SM_CraneRig_Body.uasset" 237
"../../../Engine/Content/EditorMeshes/Camera/SM_CraneRig_Body.uexp" 238
"../../../Engine/Content/EditorMeshes/Camera/SM_CraneRig_Base.uasset" 239
"../../../Engine/Content/EditorMeshes/Camera/SM_CraneRig_Base.uexp" 240
"../../../Engine/Content/EditorMeshes/Camera/SM_CraneRig_Arm.uasset" 241
"../../../Engine/Content/EditorMeshes/Camera/SM_CraneRig_Arm.uexp" 242
"../../../Engine/Content/EditorMaterials/PreviewShadowIndicator.ubulk" 243
"../../../Engine/Content/EditorMaterials/PreviewShadowIndicator.uasset" 244
"../../../Engine/Content/EditorMaterials/PreviewShadowIndicator.uexp" 245
"../../../Engine/Content/EditorMaterials/PreviewShadowIndicatorMaterial.uasset" 246
"../../../Engine/Content/EditorMaterials/PreviewShadowIndicatorMaterial.uexp" 247
"../../../Engine/Content/EditorMaterials/MAT_Groups_Visibility.uasset" 248
"../../../Engine/Content/EditorMaterials/MAT_Groups_Visibility.uexp" 249
"../../../Engine/Content/EditorMaterials/MAT_Groups_Toggle.uasset" 250
"../../../Engine/Content/EditorMaterials/MAT_Groups_Toggle.uexp" 251
"../../../Engine/Content/Functions/Engine_MaterialFunctions02/Utility/MakeFloat4.uasset" 252
"../../../Engine/Content/Functions/Engine_MaterialFunctions02/Utility/MakeFloat4.uexp" 253
"../../../Engine/Content/Functions/Engine_MaterialFunctions02/Utility/MakeFloat3.uasset" 254
"../../../Engine/Content/Functions/Engine_MaterialFunctions02/Utility/MakeFloat3.uexp" 255
"../../../Engine/Content/Functions/Engine_MaterialFunctions02/Utility/BreakOutFloat3Components.uasset" 256
"../../../Engine/Content/Functions/Engine_MaterialFunctions02/Utility/BreakOutFloat3Components.uexp" 257
"../../../Engine/Content/EditorMaterials/WorldPartition/WorldPartitionSpatialHashGridPreviewMaterial.uasset" 258
"../../../Engine/Content/EditorMaterials/WorldPartition/WorldPartitionSpatialHashGridPreviewMaterial.uexp" 259
"../../../Engine/Content/EditorMaterials/ParticleSystems/PSysThumbnail_OOD.ubulk" 260
"../../../Engine/Content/EditorMaterials/ParticleSystems/PSysThumbnail_OOD.uasset" 261
"../../../Engine/Content/EditorMaterials/ParticleSystems/PSysThumbnail_OOD.uexp" 262
"../../../Engine/Content/EditorMaterials/ParticleSystems/PSysThumbnail_NoImage.ubulk" 263
"../../../Engine/Content/EditorMaterials/ParticleSystems/PSysThumbnail_NoImage.uasset" 264
"../../../Engine/Content/EditorMaterials/ParticleSystems/PSysThumbnail_NoImage.uexp" 265
"../../../Engine/Content/EditorMaterials/MatineeGroups/MAT_Groups_Vector.uasset" 266
"../../../Engine/Content/EditorMaterials/MatineeGroups/MAT_Groups_Vector.uexp" 267
"../../../Engine/Content/EditorMaterials/MatineeGroups/MAT_Groups_Sound.uasset" 268
"../../../Engine/Content/EditorMaterials/MatineeGroups/MAT_Groups_Sound.uexp" 269
"../../../Engine/Content/EditorMaterials/MatineeGroups/MAT_Groups_Slomo.uasset" 270
"../../../Engine/Content/EditorMaterials/MatineeGroups/MAT_Groups_Slomo.uexp" 271
"../../../Engine/Content/EditorMaterials/MatineeGroups/MAT_Groups_Move.uasset" 272
"../../../Engine/Content/EditorMaterials/MatineeGroups/MAT_Groups_Move.uexp" 273
"../../../Engine/Content/EditorMaterials/MatineeGroups/MAT_Groups_Float.uasset" 274
"../../../Engine/Content/EditorMaterials/MatineeGroups/MAT_Groups_Float.uexp" 275
"../../../Engine/Content/EditorMaterials/MatineeGroups/MAT_Groups_Fade.uasset" 276
"../../../Engine/Content/EditorMaterials/MatineeGroups/MAT_Groups_Fade.uexp" 277
"../../../Engine/Content/EditorMaterials/MatineeGroups/MAT_Groups_Event.uasset" 278
"../../../Engine/Content/EditorMaterials/MatineeGroups/MAT_Groups_Event.uexp" 279
"../../../Engine/Content/EditorMaterials/MatineeGroups/MAT_Groups_Director.uasset" 280
"../../../Engine/Content/EditorMaterials/MatineeGroups/MAT_Groups_Director.uexp" 281
"../../../Engine/Content/EditorMaterials/MatineeGroups/MAT_Groups_AudioMaster.uasset" 282
"../../../Engine/Content/EditorMaterials/MatineeGroups/MAT_Groups_AudioMaster.uexp" 283
"../../../Engine/Content/EditorMaterials/MatineeGroups/MAT_Groups_Anim.uasset" 284
"../../../Engine/Content/EditorMaterials/MatineeGroups/MAT_Groups_Anim.uexp" 285
"../../../Engine/Content/EditorMaterials/MatineeGroups/MAT_ColorTrack.uasset" 286
"../../../Engine/Content/EditorMaterials/MatineeGroups/MAT_ColorTrack.uexp" 287
"../../../Engine/Content/EditorLandscapeResources/DefaultAlphaTexture.uasset" 288
"../../../Engine/Content/EditorLandscapeResources/DefaultAlphaTexture.uexp" 289
"../../../Engine/Content/EditorLandscapeResources/DataLayer.uasset" 290
"../../../Engine/Content/EditorLandscapeResources/DataLayer.uexp" 291
"../../../Engine/Content/EngineMaterials/T_Default_Material_Grid_M.ubulk" 292
"../../../Engine/Content/EngineMaterials/T_Default_Material_Grid_M.uasset" 293
"../../../Engine/Content/EngineMaterials/T_Default_Material_Grid_M.uexp" 294
"../../../Engine/Content/EngineMaterials/T_Default_Material_Grid_N.ubulk" 295
"../../../Engine/Content/EngineMaterials/T_Default_Material_Grid_N.uasset" 296
"../../../Engine/Content/EngineMaterials/T_Default_Material_Grid_N.uexp" 297
"../../../Engine/Content/Functions/Engine_MaterialFunctions01/Opacity/CameraDepthFade.uasset" 298
"../../../Engine/Content/Functions/Engine_MaterialFunctions01/Opacity/CameraDepthFade.uexp" 299
"../../../Engine/Content/EngineMaterials/DefaultMaterial.uasset" 300
"../../../Engine/Content/EngineMaterials/DefaultMaterial.uexp" 301
"../../../Engine/Content/BasicShapes/Sphere.uasset" 302
"../../../Engine/Content/BasicShapes/Sphere.uexp" 303
"../../../Engine/Content/EngineMaterials/WorldGridMaterial.uasset" 304
"../../../Engine/Content/EngineMaterials/WorldGridMaterial.uexp" 305
"../../../Engine/Content/BasicShapes/Plane.uasset" 306
"../../../Engine/Content/BasicShapes/Plane.uexp" 307
"../../../Engine/Content/BasicShapes/Cylinder.uasset" 308
"../../../Engine/Content/BasicShapes/Cylinder.uexp" 309
"../../../Engine/Content/BasicShapes/Cube.uasset" 310
"../../../Engine/Content/BasicShapes/Cube.uexp" 311
"../../../Engine/Content/BasicShapes/Cone.uasset" 312
"../../../Engine/Content/BasicShapes/Cone.uexp" 313
"../../../Engine/Content/BasicShapes/BasicShapeMaterial.uasset" 314
"../../../Engine/Content/BasicShapes/BasicShapeMaterial.uexp" 315
"../../../Engine/Content/ArtTools/RenderToTexture/Meshes/S_1_Unit_Plane.uasset" 316
"../../../Engine/Content/ArtTools/RenderToTexture/Meshes/S_1_Unit_Plane.uexp" 317
"../../../Engine/Content/Animation/DefaultAnimCurveCompressionSettings.uasset" 318
"../../../Engine/Content/Animation/DefaultAnimCurveCompressionSettings.uexp" 319
"../../../Engine/Content/Animation/DefaultAnimBoneCompressionSettings.uasset" 320
"../../../Engine/Content/Animation/DefaultAnimBoneCompressionSettings.uexp" 321
"../../../Engine/Content/MobileResources/HUD/VirtualJoystick_Background.uasset" 322
"../../../Engine/Content/MobileResources/HUD/VirtualJoystick_Background.uexp" 323
"../../../Engine/Content/MobileResources/HUD/VirtualJoystick_Thumb.uasset" 324
"../../../Engine/Content/MobileResources/HUD/VirtualJoystick_Thumb.uexp" 325
"../../../Engine/Content/MobileResources/HUD/DefaultVirtualJoysticks.uasset" 326
"../../../Engine/Content/MobileResources/HUD/DefaultVirtualJoysticks.uexp" 327
"../../../Engine/Content/OpenWorldTemplate/HLOD/HLOD0_Instancing.uasset" 328
"../../../Engine/Content/OpenWorldTemplate/HLOD/HLOD0_Instancing.uexp" 329
"../../../Engine/Content/EngineMaterials/BlendFunc_DefBlend.uasset" 330
"../../../Engine/Content/EngineMaterials/BlendFunc_DefBlend.uexp" 331
"../../../Engine/Content/EngineMaterials/BlendFunc_DefBase.uasset" 332
"../../../Engine/Content/EngineMaterials/BlendFunc_DefBase.uexp" 333
"../../../Engine/Content/Functions/Engine_MaterialFunctions03/Blends/Blend_Overlay.uasset" 334
"../../../Engine/Content/Functions/Engine_MaterialFunctions03/Blends/Blend_Overlay.uexp" 335
"../../../Engine/Content/OpenWorldTemplate/LandscapeMaterial/T_GridChecker_A.ubulk" 336
"../../../Engine/Content/OpenWorldTemplate/LandscapeMaterial/T_GridChecker_A.uasset" 337
"../../../Engine/Content/OpenWorldTemplate/LandscapeMaterial/T_GridChecker_A.uexp" 338
"../../../Engine/Content/Functions/Engine_MaterialFunctions01/Gradient/LinearGradient.uasset" 339
"../../../Engine/Content/Functions/Engine_MaterialFunctions01/Gradient/LinearGradient.uexp" 340
"../../../Engine/Content/Functions/Engine_MaterialFunctions01/ImageAdjustment/CheapContrast.uasset" 341
"../../../Engine/Content/Functions/Engine_MaterialFunctions01/ImageAdjustment/CheapContrast.uexp" 342
"../../../Engine/Content/OpenWorldTemplate/LandscapeMaterial/MF_ProcGrid.uasset" 343
"../../../Engine/Content/OpenWorldTemplate/LandscapeMaterial/MF_ProcGrid.uexp" 344
"../../../Engine/Content/OpenWorldTemplate/LandscapeMaterial/M_ProcGrid.uasset" 345
"../../../Engine/Content/OpenWorldTemplate/LandscapeMaterial/M_ProcGrid.uexp" 346
"../../../Engine/Content/Tutorial/ContentIntroCurve.uasset" 347
"../../../Engine/Content/Tutorial/ContentIntroCurve.uexp" 348
"../../../Engine/Content/VREditor/TransformGizmo/Main.uasset" 349
"../../../Engine/Content/VREditor/TransformGizmo/Main.uexp" 350
"../../../Engine/Content/VREditor/TransformGizmo/Xray.uasset" 351
"../../../Engine/Content/VREditor/TransformGizmo/Xray.uexp" 352
"../../../Engine/Content/VREditor/TransformGizmo/SM_Sequencer_Node.uasset" 353
"../../../Engine/Content/VREditor/TransformGizmo/SM_Sequencer_Node.uexp" 354
"../../../Engine/Content/VREditor/LaserPointer/VR_LaserPower_01.ubulk" 355
"../../../Engine/Content/VREditor/LaserPointer/VR_LaserPower_01.uasset" 356
"../../../Engine/Content/VREditor/LaserPointer/VR_LaserPower_01.uexp" 357
"../../../Engine/Content/VREditor/TransformGizmo/TransformGizmoMaterial.uasset" 358
"../../../Engine/Content/VREditor/TransformGizmo/TransformGizmoMaterial.uexp" 359
"../../../Engine/Content/VREditor/TransformGizmo/TranslucentTransformGizmoMaterial.uasset" 360
"../../../Engine/Content/VREditor/TransformGizmo/TranslucentTransformGizmoMaterial.uexp" 361
"../../../Engine/Content/VREditor/TransformGizmo/PlaneTranslationHandle.uasset" 362
"../../../Engine/Content/VREditor/TransformGizmo/PlaneTranslationHandle.uexp" 363
"../../../Engine/Content/VREditor/TransformGizmo/BoundingBoxEdge.uasset" 364
"../../../Engine/Content/VREditor/TransformGizmo/BoundingBoxEdge.uexp" 365
"../../../Engine/Content/VREditor/TransformGizmo/BoundingBoxCorner.uasset" 366
"../../../Engine/Content/VREditor/TransformGizmo/BoundingBoxCorner.uexp" 367
"../../../Engine/Plugins/2D/Paper2D/Content/PlaceholderTextures/DummySpriteTexture.ubulk" 368
"../../../Engine/Plugins/2D/Paper2D/Content/PlaceholderTextures/DummySpriteTexture.uasset" 369
"../../../Engine/Plugins/2D/Paper2D/Content/PlaceholderTextures/DummySpriteTexture.uexp" 370
"../../../Engine/Plugins/2D/Paper2D/Content/DefaultSpriteMaterial.uasset" 371
"../../../Engine/Plugins/2D/Paper2D/Content/DefaultSpriteMaterial.uexp" 372
"../../../Engine/Plugins/2D/Paper2D/Content/OpaqueUnlitSpriteMaterial.uasset" 373
"../../../Engine/Plugins/2D/Paper2D/Content/OpaqueUnlitSpriteMaterial.uexp" 374
"../../../Engine/Plugins/2D/Paper2D/Content/MaskedUnlitSpriteMaterial.uasset" 375
"../../../Engine/Plugins/2D/Paper2D/Content/MaskedUnlitSpriteMaterial.uexp" 376
"../../../Engine/Plugins/2D/Paper2D/Content/DummySprite.uasset" 377
"../../../Engine/Plugins/2D/Paper2D/Content/DummySprite.uexp" 378
"../../../Engine/Plugins/2D/Paper2D/Content/DefaultPaperTerrainMaterial.uasset" 379
"../../../Engine/Plugins/2D/Paper2D/Content/DefaultPaperTerrainMaterial.uexp" 380
"../../../Engine/Plugins/Animation/ControlRig/Content/M_Manip.uasset" 381
"../../../Engine/Plugins/Animation/ControlRig/Content/M_Manip.uexp" 382
"../../../Engine/Plugins/Animation/ControlRig/Content/Controls/DefaultGizmoLibraryNormalized.uasset" 383
"../../../Engine/Plugins/Animation/ControlRig/Content/Controls/DefaultGizmoLibraryNormalized.uexp" 384
"../../../Engine/Plugins/Animation/ControlRig/Content/Controls/ControlRig_Wedge_solid.uasset" 385
"../../../Engine/Plugins/Animation/ControlRig/Content/Controls/ControlRig_Wedge_solid.uexp" 386
"../../../Engine/Plugins/Animation/ControlRig/Content/Controls/ControlRig_Wedge_3mm.uasset" 387
"../../../Engine/Plugins/Animation/ControlRig/Content/Controls/ControlRig_Wedge_3mm.uexp" 388
"../../../Engine/Plugins/Animation/ControlRig/Content/Controls/ControlRig_Wedge_1mm.uasset" 389
"../../../Engine/Plugins/Animation/ControlRig/Content/Controls/ControlRig_Wedge_1mm.uexp" 390
"../../../Engine/Plugins/Animation/ControlRig/Content/Controls/ControlRig_Triangle_solid.uasset" 391
"../../../Engine/Plugins/Animation/ControlRig/Content/Controls/ControlRig_Triangle_solid.uexp" 392
"../../../Engine/Plugins/Animation/ControlRig/Content/Controls/ControlRig_Triangle_3mm.uasset" 393
"../../../Engine/Plugins/Animation/ControlRig/Content/Controls/ControlRig_Triangle_3mm.uexp" 394
"../../../Engine/Plugins/Animation/ControlRig/Content/Controls/ControlRig_Triangle_1mm.uasset" 395
"../../../Engine/Plugins/Animation/ControlRig/Content/Controls/ControlRig_Triangle_1mm.uexp" 396
"../../../Engine/Plugins/Animation/ControlRig/Content/Controls/ControlRig_Star4_solid.uasset" 397
"../../../Engine/Plugins/Animation/ControlRig/Content/Controls/ControlRig_Star4_solid.uexp" 398
"../../../Engine/Plugins/Animation/ControlRig/Content/Controls/ControlRig_Star4_3mm.uasset" 399
"../../../Engine/Plugins/Animation/ControlRig/Content/Controls/ControlRig_Star4_3mm.uexp" 400
"../../../Engine/Plugins/Animation/ControlRig/Content/Controls/ControlRig_Star4_1mm.uasset" 401
"../../../Engine/Plugins/Animation/ControlRig/Content/Controls/ControlRig_Star4_1mm.uexp" 402
"../../../Engine/Plugins/Animation/ControlRig/Content/Controls/ControlRig_Square_solid.uasset" 403
"../../../Engine/Plugins/Animation/ControlRig/Content/Controls/ControlRig_Square_solid.uexp" 404
"../../../Engine/Plugins/Animation/ControlRig/Content/Controls/ControlRig_Square_3mm.uasset" 405
"../../../Engine/Plugins/Animation/ControlRig/Content/Controls/ControlRig_Square_3mm.uexp" 406
"../../../Engine/Plugins/Animation/ControlRig/Content/Controls/ControlRig_Square_1mm.uasset" 407
"../../../Engine/Plugins/Animation/ControlRig/Content/Controls/ControlRig_Square_1mm.uexp" 408
"../../../Engine/Plugins/Animation/ControlRig/Content/Controls/ControlRig_Sphere_solid.uasset" 409
"../../../Engine/Plugins/Animation/ControlRig/Content/Controls/ControlRig_Sphere_solid.uexp" 410
"../../../Engine/Plugins/Animation/ControlRig/Content/Controls/ControlRig_Sphere_3mm.uasset" 411
"../../../Engine/Plugins/Animation/ControlRig/Content/Controls/ControlRig_Sphere_3mm.uexp" 412
"../../../Engine/Plugins/Animation/ControlRig/Content/Controls/ControlRig_Sphere_1mm.uasset" 413
"../../../Engine/Plugins/Animation/ControlRig/Content/Controls/ControlRig_Sphere_1mm.uexp" 414
"../../../Engine/Plugins/Animation/ControlRig/Content/Controls/ControlRig_RoundedTriangle_solid.uasset" 415
"../../../Engine/Plugins/Animation/ControlRig/Content/Controls/ControlRig_RoundedTriangle_solid.uexp" 416
"../../../Engine/Plugins/Animation/ControlRig/Content/Controls/ControlRig_RoundedTriangle_3mm.uasset" 417
"../../../Engine/Plugins/Animation/ControlRig/Content/Controls/ControlRig_RoundedTriangle_3mm.uexp" 418
"../../../Engine/Plugins/Animation/ControlRig/Content/Controls/ControlRig_RoundedTriangle_1mm.uasset" 419
"../../../Engine/Plugins/Animation/ControlRig/Content/Controls/ControlRig_RoundedTriangle_1mm.uexp" 420
"../../../Engine/Plugins/Animation/ControlRig/Content/Controls/ControlRig_RoundedSquare_solid.uasset" 421
"../../../Engine/Plugins/Animation/ControlRig/Content/Controls/ControlRig_RoundedSquare_solid.uexp" 422
"../../../Engine/Plugins/Animation/ControlRig/Content/Controls/ControlRig_RoundedSquare_3mm.uasset" 423
"../../../Engine/Plugins/Animation/ControlRig/Content/Controls/ControlRig_RoundedSquare_3mm.uexp" 424
"../../../Engine/Plugins/Animation/ControlRig/Content/Controls/ControlRig_RoundedSquare_1mm.uasset" 425
"../../../Engine/Plugins/Animation/ControlRig/Content/Controls/ControlRig_RoundedSquare_1mm.uexp" 426
"../../../Engine/Plugins/Animation/ControlRig/Content/Controls/ControlRig_QuarterCircle_solid.uasset" 427
"../../../Engine/Plugins/Animation/ControlRig/Content/Controls/ControlRig_QuarterCircle_solid.uexp" 428
"../../../Engine/Plugins/Animation/ControlRig/Content/Controls/ControlRig_QuarterCircle_3mm.uasset" 429
"../../../Engine/Plugins/Animation/ControlRig/Content/Controls/ControlRig_QuarterCircle_3mm.uexp" 430
"../../../Engine/Plugins/Animation/ControlRig/Content/Controls/ControlRig_QuarterCircle_1mm.uasset" 431
"../../../Engine/Plugins/Animation/ControlRig/Content/Controls/ControlRig_QuarterCircle_1mm.uexp" 432
"../../../Engine/Plugins/Animation/ControlRig/Content/Controls/ControlRig_Pyramid_solid.uasset" 433
"../../../Engine/Plugins/Animation/ControlRig/Content/Controls/ControlRig_Pyramid_solid.uexp" 434
"../../../Engine/Plugins/Animation/ControlRig/Content/Controls/ControlRig_Pyramid_3mm.uasset" 435
"../../../Engine/Plugins/Animation/ControlRig/Content/Controls/ControlRig_Pyramid_3mm.uexp" 436
"../../../Engine/Plugins/Animation/ControlRig/Content/Controls/ControlRig_Pyramid_1mm.uasset" 437
"../../../Engine/Plugins/Animation/ControlRig/Content/Controls/ControlRig_Pyramid_1mm.uexp" 438
"../../../Engine/Plugins/Animation/ControlRig/Content/Controls/ControlRig_Octagon_solid.uasset" 439
"../../../Engine/Plugins/Animation/ControlRig/Content/Controls/ControlRig_Octagon_solid.uexp" 440
"../../../Engine/Plugins/Animation/ControlRig/Content/Controls/ControlRig_Octagon_3mm.uasset" 441
"../../../Engine/Plugins/Animation/ControlRig/Content/Controls/ControlRig_Octagon_3mm.uexp" 442
"../../../Engine/Plugins/Animation/ControlRig/Content/Controls/ControlRig_Octagon_1mm.uasset" 443
"../../../Engine/Plugins/Animation/ControlRig/Content/Controls/ControlRig_Octagon_1mm.uexp" 444
"../../../Engine/Plugins/Animation/ControlRig/Content/Controls/ControlRig_Hexagon_solid.uasset" 445
"../../../Engine/Plugins/Animation/ControlRig/Content/Controls/ControlRig_Hexagon_solid.uexp" 446
"../../../Engine/Plugins/Animation/ControlRig/Content/Controls/ControlRig_Hexagon_3mm.uasset" 447
"../../../Engine/Plugins/Animation/ControlRig/Content/Controls/ControlRig_Hexagon_3mm.uexp" 448
"../../../Engine/Plugins/Animation/ControlRig/Content/Controls/ControlRig_Hexagon_1mm.uasset" 449
"../../../Engine/Plugins/Animation/ControlRig/Content/Controls/ControlRig_Hexagon_1mm.uexp" 450
"../../../Engine/Plugins/Animation/ControlRig/Content/Controls/ControlRig_HalfCircle_solid.uasset" 451
"../../../Engine/Plugins/Animation/ControlRig/Content/Controls/ControlRig_HalfCircle_solid.uexp" 452
"../../../Engine/Plugins/Animation/ControlRig/Content/Controls/ControlRig_HalfCircle_3mm.uasset" 453
"../../../Engine/Plugins/Animation/ControlRig/Content/Controls/ControlRig_HalfCircle_3mm.uexp" 454
"../../../Engine/Plugins/Animation/ControlRig/Content/Controls/ControlRig_HalfCircle_1mm.uasset" 455
"../../../Engine/Plugins/Animation/ControlRig/Content/Controls/ControlRig_HalfCircle_1mm.uexp" 456
"../../../Engine/Plugins/Animation/ControlRig/Content/Controls/ControlRig_Diamond_solid.uasset" 457
"../../../Engine/Plugins/Animation/ControlRig/Content/Controls/ControlRig_Diamond_solid.uexp" 458
"../../../Engine/Plugins/Animation/ControlRig/Content/Controls/ControlRig_Diamond_3mm.uasset" 459
"../../../Engine/Plugins/Animation/ControlRig/Content/Controls/ControlRig_Diamond_3mm.uexp" 460
"../../../Engine/Plugins/Animation/ControlRig/Content/Controls/ControlRig_Diamond_1mm.uasset" 461
"../../../Engine/Plugins/Animation/ControlRig/Content/Controls/ControlRig_Diamond_1mm.uexp" 462
"../../../Engine/Plugins/Animation/ControlRig/Content/Controls/ControlRig_Circle_solid.uasset" 463
"../../../Engine/Plugins/Animation/ControlRig/Content/Controls/ControlRig_Circle_solid.uexp" 464
"../../../Engine/Plugins/Animation/ControlRig/Content/Controls/ControlRig_Circle_3mm.uasset" 465
"../../../Engine/Plugins/Animation/ControlRig/Content/Controls/ControlRig_Circle_3mm.uexp" 466
"../../../Engine/Plugins/Animation/ControlRig/Content/Controls/ControlRig_Circle_1mm.uasset" 467
"../../../Engine/Plugins/Animation/ControlRig/Content/Controls/ControlRig_Circle_1mm.uexp" 468
"../../../Engine/Plugins/Animation/ControlRig/Content/Controls/ControlRig_Box_solid.uasset" 469
"../../../Engine/Plugins/Animation/ControlRig/Content/Controls/ControlRig_Box_solid.uexp" 470
"../../../Engine/Plugins/Animation/ControlRig/Content/Controls/ControlRig_Box_3mm.uasset" 471
"../../../Engine/Plugins/Animation/ControlRig/Content/Controls/ControlRig_Box_3mm.uexp" 472
"../../../Engine/Plugins/Animation/ControlRig/Content/Controls/ControlRig_Box_1mm.uasset" 473
"../../../Engine/Plugins/Animation/ControlRig/Content/Controls/ControlRig_Box_1mm.uexp" 474
"../../../Engine/Plugins/Animation/ControlRig/Content/Controls/ControlRig_Arrow_solid.uasset" 475
"../../../Engine/Plugins/Animation/ControlRig/Content/Controls/ControlRig_Arrow_solid.uexp" 476
"../../../Engine/Plugins/Animation/ControlRig/Content/Controls/ControlRig_Arrow_3mm.uasset" 477
"../../../Engine/Plugins/Animation/ControlRig/Content/Controls/ControlRig_Arrow_3mm.uexp" 478
"../../../Engine/Plugins/Animation/ControlRig/Content/Controls/ControlRig_Arrow_1mm.uasset" 479
"../../../Engine/Plugins/Animation/ControlRig/Content/Controls/ControlRig_Arrow_1mm.uexp" 480
"../../../Engine/Plugins/Animation/ControlRig/Content/Controls/ControlRig_Arrow4_solid.uasset" 481
"../../../Engine/Plugins/Animation/ControlRig/Content/Controls/ControlRig_Arrow4_solid.uexp" 482
"../../../Engine/Plugins/Animation/ControlRig/Content/Controls/ControlRig_Arrow4_3mm.uasset" 483
"../../../Engine/Plugins/Animation/ControlRig/Content/Controls/ControlRig_Arrow4_3mm.uexp" 484
"../../../Engine/Plugins/Animation/ControlRig/Content/Controls/ControlRig_Arrow4_1mm.uasset" 485
"../../../Engine/Plugins/Animation/ControlRig/Content/Controls/ControlRig_Arrow4_1mm.uexp" 486
"../../../Engine/Plugins/Animation/ControlRig/Content/Controls/ControlRig_Arrow2_solid.uasset" 487
"../../../Engine/Plugins/Animation/ControlRig/Content/Controls/ControlRig_Arrow2_solid.uexp" 488
"../../../Engine/Plugins/Animation/ControlRig/Content/Controls/ControlRig_Arrow2_3mm.uasset" 489
"../../../Engine/Plugins/Animation/ControlRig/Content/Controls/ControlRig_Arrow2_3mm.uexp" 490
"../../../Engine/Plugins/Animation/ControlRig/Content/Controls/ControlRig_Arrow2_1mm.uasset" 491
"../../../Engine/Plugins/Animation/ControlRig/Content/Controls/ControlRig_Arrow2_1mm.uexp" 492
"../../../Engine/Plugins/Animation/ControlRig/Content/Controls/ControlRigGizmoMaterial.uasset" 493
"../../../Engine/Plugins/Animation/ControlRig/Content/Controls/ControlRigGizmoMaterial.uexp" 494
"../../../Engine/Plugins/Editor/SpeedTreeImporter/Content/SpeedTree9/game_wind_noise.ubulk" 495
"../../../Engine/Plugins/Editor/SpeedTreeImporter/Content/SpeedTree9/game_wind_noise.uasset" 496
"../../../Engine/Plugins/Editor/SpeedTreeImporter/Content/SpeedTree9/game_wind_noise.uexp" 497
"../../../Engine/Plugins/Editor/SpeedTreeImporter/Content/SpeedTree9/UnpackDirection.uasset" 498
"../../../Engine/Plugins/Editor/SpeedTreeImporter/Content/SpeedTree9/UnpackDirection.uexp" 499
"../../../Engine/Content/Functions/Engine_MaterialFunctions02/ObjectLocalBounds.uasset" 500
"../../../Engine/Content/Functions/Engine_MaterialFunctions02/ObjectLocalBounds.uexp" 501
"../../../Engine/Content/Functions/Engine_MaterialFunctions02/UVs/BoundingBoxBased_0-1_UVW.uasset" 502
"../../../Engine/Content/Functions/Engine_MaterialFunctions02/UVs/BoundingBoxBased_0-1_UVW.uexp" 503
"../../../Engine/Content/Functions/Engine_MaterialFunctions02/Utility/VectorLength.uasset" 504
"../../../Engine/Content/Functions/Engine_MaterialFunctions02/Utility/VectorLength.uexp" 505
"../../../Engine/Plugins/Editor/SpeedTreeImporter/Content/SpeedTree9/UnpackInteger3.uasset" 506
"../../../Engine/Plugins/Editor/SpeedTreeImporter/Content/SpeedTree9/UnpackInteger3.uexp" 507
"../../../Engine/Plugins/Editor/SpeedTreeImporter/Content/SpeedTree9/SpeedTreeCameraFacing.uasset" 508
"../../../Engine/Plugins/Editor/SpeedTreeImporter/Content/SpeedTree9/SpeedTreeCameraFacing.uexp" 509
"../../../Engine/Content/Functions/Engine_MaterialFunctions02/WorldPositionOffset/ObjectScale.uasset" 510
"../../../Engine/Content/Functions/Engine_MaterialFunctions02/WorldPositionOffset/ObjectScale.uexp" 511
"../../../Engine/Content/Functions/Engine_MaterialFunctions02/SafeNormalize.uasset" 512
"../../../Engine/Content/Functions/Engine_MaterialFunctions02/SafeNormalize.uexp" 513
"../../../Engine/Plugins/Editor/SpeedTreeImporter/Content/SpeedTree9/SpeedTreeWindMotion.uasset" 514
"../../../Engine/Plugins/Editor/SpeedTreeImporter/Content/SpeedTree9/SpeedTreeWindMotion.uexp" 515
"../../../Engine/Plugins/Editor/SpeedTreeImporter/Content/SpeedTree9/SpeedTreeBranchMotion.uasset" 516
"../../../Engine/Plugins/Editor/SpeedTreeImporter/Content/SpeedTree9/SpeedTreeBranchMotion.uexp" 517
"../../../Engine/Plugins/Editor/SpeedTreeImporter/Content/SpeedTree9/SpeedTreeWind.uasset" 518
"../../../Engine/Plugins/Editor/SpeedTreeImporter/Content/SpeedTree9/SpeedTreeWind.uexp" 519
"../../../Engine/Plugins/Editor/SpeedTreeImporter/Content/SpeedTree9/EmptyNormal.uasset" 520
"../../../Engine/Plugins/Editor/SpeedTreeImporter/Content/SpeedTree9/EmptyNormal.uexp" 521
"../../../Engine/Plugins/Editor/SpeedTreeImporter/Content/SpeedTree9/Empty.uasset" 522
"../../../Engine/Plugins/Editor/SpeedTreeImporter/Content/SpeedTree9/Empty.uexp" 523
"../../../Engine/Plugins/Editor/SpeedTreeImporter/Content/SpeedTree9/SpeedTreeMaster.uasset" 524
"../../../Engine/Plugins/Editor/SpeedTreeImporter/Content/SpeedTree9/SpeedTreeMaster.uexp" 525
"../../../Engine/Plugins/Editor/SpeedTreeImporter/Content/SpeedTree9/SpeedTreeBillboard.uasset" 526
"../../../Engine/Plugins/Editor/SpeedTreeImporter/Content/SpeedTree9/SpeedTreeBillboard.uexp" 527
"../../../Engine/Plugins/Editor/SpeedTreeImporter/Content/SpeedTree9/SpeedTreeBillboardMaster.uasset" 528
"../../../Engine/Plugins/Editor/SpeedTreeImporter/Content/SpeedTree9/SpeedTreeBillboardMaster.uexp" 529
"../../../Engine/Plugins/Runtime/HairStrands/Content/Materials/HairMeshesDefaultMaterial.uasset" 530
"../../../Engine/Plugins/Runtime/HairStrands/Content/Materials/HairMeshesDefaultMaterial.uexp" 531
"../../../Engine/Plugins/Runtime/HairStrands/Content/Materials/HairDefaultMaterial.uasset" 532
"../../../Engine/Plugins/Runtime/HairStrands/Content/Materials/HairDefaultMaterial.uexp" 533
"../../../Engine/Plugins/Runtime/HairStrands/Content/Materials/HairGroupColors.uasset" 534
"../../../Engine/Plugins/Runtime/HairStrands/Content/Materials/HairGroupColors.uexp" 535
"../../../Engine/Content/EngineMaterials/HairColorMap.uasset" 536
"../../../Engine/Content/EngineMaterials/HairColorMap.uexp" 537
"../../../Engine/Content/EngineMaterials/HairDebugColor.uasset" 538
"../../../Engine/Content/EngineMaterials/HairDebugColor.uexp" 539
"../../../Engine/Plugins/Runtime/HairStrands/Content/Materials/HairDebugMaterial.uasset" 540
"../../../Engine/Plugins/Runtime/HairStrands/Content/Materials/HairDebugMaterial.uexp" 541
"../../../Engine/Plugins/Runtime/HairStrands/Content/Materials/HairCardsDefaultMaterial.uasset" 542
"../../../Engine/Plugins/Runtime/HairStrands/Content/Materials/HairCardsDefaultMaterial.uexp" 543
"C:/Users/555/Desktop/FPSAssaultPack426/Content/FPS_Assault_Pack/Textures/RU74/T_RU74_Body_M_MSK.ubulk" 544
"C:/Users/555/Desktop/FPSAssaultPack426/Content/FPS_Assault_Pack/Textures/RU74/T_RU74_Body_M_MSK.uasset" 545
"C:/Users/555/Desktop/FPSAssaultPack426/Content/FPS_Assault_Pack/Textures/RU74/T_RU74_Body_M_MSK.uexp" 546
"C:/Users/555/Desktop/FPSAssaultPack426/Content/FPS_Assault_Pack/Textures/RU74/T_RU74_Body_ALB.ubulk" 547
"C:/Users/555/Desktop/FPSAssaultPack426/Content/FPS_Assault_Pack/Textures/RU74/T_RU74_Body_ALB.uasset" 548
"C:/Users/555/Desktop/FPSAssaultPack426/Content/FPS_Assault_Pack/Textures/RU74/T_RU74_Body_ALB.uexp" 549
"C:/Users/555/Desktop/FPSAssaultPack426/Content/FPS_Assault_Pack/Textures/RU74/T_RU74_Body_NRM.ubulk" 550
"C:/Users/555/Desktop/FPSAssaultPack426/Content/FPS_Assault_Pack/Textures/RU74/T_RU74_Body_NRM.uasset" 551
"C:/Users/555/Desktop/FPSAssaultPack426/Content/FPS_Assault_Pack/Textures/RU74/T_RU74_Body_NRM.uexp" 552
"C:/Users/555/Desktop/FPSAssaultPack426/Content/FPS_Assault_Pack/Materials/RU74/M_RU74_Master.uasset" 553
"C:/Users/555/Desktop/FPSAssaultPack426/Content/FPS_Assault_Pack/Materials/RU74/M_RU74_Master.uexp" 554
"C:/Users/555/Desktop/FPSAssaultPack426/Content/FPS_Assault_Pack/Textures/Rifle/T_Rifle_M_MSK.uasset" 555
"C:/Users/555/Desktop/FPSAssaultPack426/Content/FPS_Assault_Pack/Textures/Rifle/T_Rifle_M_MSK.uexp" 556
"C:/Users/555/Desktop/FPSAssaultPack426/Content/FPS_Assault_Pack/Textures/Rifle/T_Rifle_ALB.uasset" 557
"C:/Users/555/Desktop/FPSAssaultPack426/Content/FPS_Assault_Pack/Textures/Rifle/T_Rifle_ALB.uexp" 558
"C:/Users/555/Desktop/FPSAssaultPack426/Content/FPS_Assault_Pack/Textures/Rifle/T_Rifle_NRM.ubulk" 559
"C:/Users/555/Desktop/FPSAssaultPack426/Content/FPS_Assault_Pack/Textures/Rifle/T_Rifle_NRM.uasset" 560
"C:/Users/555/Desktop/FPSAssaultPack426/Content/FPS_Assault_Pack/Textures/Rifle/T_Rifle_NRM.uexp" 561
"C:/Users/555/Desktop/FPSAssaultPack426/Content/FPS_Assault_Pack/Materials/Rifle/M_Rifle.uasset" 562
"C:/Users/555/Desktop/FPSAssaultPack426/Content/FPS_Assault_Pack/Materials/Rifle/M_Rifle.uexp" 563
"C:/Users/555/Desktop/FPSAssaultPack426/Content/FPS_Assault_Pack/Textures/Rifle/T_Rifle_Carry_NRM.ubulk" 564
"C:/Users/555/Desktop/FPSAssaultPack426/Content/FPS_Assault_Pack/Textures/Rifle/T_Rifle_Carry_NRM.uasset" 565
"C:/Users/555/Desktop/FPSAssaultPack426/Content/FPS_Assault_Pack/Textures/Rifle/T_Rifle_Carry_NRM.uexp" 566
"C:/Users/555/Desktop/FPSAssaultPack426/Content/FPS_Assault_Pack/Textures/Rifle/T_Rifle_Carry_M_MSK.uasset" 567
"C:/Users/555/Desktop/FPSAssaultPack426/Content/FPS_Assault_Pack/Textures/Rifle/T_Rifle_Carry_M_MSK.uexp" 568
"C:/Users/555/Desktop/FPSAssaultPack426/Content/FPS_Assault_Pack/Textures/Rifle/T_Rifle_Carry_ALB.uasset" 569
"C:/Users/555/Desktop/FPSAssaultPack426/Content/FPS_Assault_Pack/Textures/Rifle/T_Rifle_Carry_ALB.uexp" 570
"C:/Users/555/Desktop/FPSAssaultPack426/Content/FPS_Assault_Pack/Materials/Rifle/M_Rifle_Carry.uasset" 571
"C:/Users/555/Desktop/FPSAssaultPack426/Content/FPS_Assault_Pack/Materials/Rifle/M_Rifle_Carry.uexp" 572
"C:/Users/555/Desktop/FPSAssaultPack426/Content/FPS_Assault_Pack/Meshes/Rifle/SK_Rifle_Skeleton.uasset" 573
"C:/Users/555/Desktop/FPSAssaultPack426/Content/FPS_Assault_Pack/Meshes/Rifle/SK_Rifle_Skeleton.uexp" 574
"C:/Users/555/Desktop/FPSAssaultPack426/Content/FPS_Assault_Pack/Meshes/Rifle/SK_Rifle_PhysicsAsset.uasset" 575
"C:/Users/555/Desktop/FPSAssaultPack426/Content/FPS_Assault_Pack/Meshes/Rifle/SK_Rifle_PhysicsAsset.uexp" 576
"C:/Users/555/Desktop/FPSAssaultPack426/Content/FPS_Assault_Pack/Textures/Rifle/T_Rifle_Furniture_NRM.ubulk" 577
"C:/Users/555/Desktop/FPSAssaultPack426/Content/FPS_Assault_Pack/Textures/Rifle/T_Rifle_Furniture_NRM.uasset" 578
"C:/Users/555/Desktop/FPSAssaultPack426/Content/FPS_Assault_Pack/Textures/Rifle/T_Rifle_Furniture_NRM.uexp" 579
"C:/Users/555/Desktop/FPSAssaultPack426/Content/FPS_Assault_Pack/Textures/Rifle/T_Rifle_Furniture_ALB.uasset" 580
"C:/Users/555/Desktop/FPSAssaultPack426/Content/FPS_Assault_Pack/Textures/Rifle/T_Rifle_Furniture_ALB.uexp" 581
"C:/Users/555/Desktop/FPSAssaultPack426/Content/FPS_Assault_Pack/Textures/Rifle/T_Rifle_Furniture_M_MSK.uasset" 582
"C:/Users/555/Desktop/FPSAssaultPack426/Content/FPS_Assault_Pack/Textures/Rifle/T_Rifle_Furniture_M_MSK.uexp" 583
"C:/Users/555/Desktop/FPSAssaultPack426/Content/FPS_Assault_Pack/Materials/Rifle/M_Rifle_Furniture.uasset" 584
"C:/Users/555/Desktop/FPSAssaultPack426/Content/FPS_Assault_Pack/Materials/Rifle/M_Rifle_Furniture.uexp" 585
"C:/Users/555/Desktop/FPSAssaultPack426/Content/FPS_Assault_Pack/Meshes/Rifle/SK_Rifle.uasset" 586
"C:/Users/555/Desktop/FPSAssaultPack426/Content/FPS_Assault_Pack/Meshes/Rifle/SK_Rifle.uexp" 587
"../../../Engine/Content/Maps/Entry_BuiltData.uasset" 588
"../../../Engine/Content/Maps/Entry_BuiltData.uexp" 589
"../../../Engine/Content/Maps/Entry.uexp" 590
"../../../Engine/Content/Maps/Entry.umap" 591
"C:/Users/555/Desktop/FPSAssaultPack426/Content/FPS_Assault_Pack/Blueprints/BP_FPS_HUD.uasset" 592
"C:/Users/555/Desktop/FPSAssaultPack426/Content/FPS_Assault_Pack/Blueprints/BP_FPS_HUD.uexp" 593
"C:/Users/555/Desktop/FPSAssaultPack426/Content/FPS_Assault_Pack/Particles/Textures/T_Smoke_SubUV_2x2_ALB.ubulk" 594
"C:/Users/555/Desktop/FPSAssaultPack426/Content/FPS_Assault_Pack/Particles/Textures/T_Smoke_SubUV_2x2_ALB.uasset" 595
"C:/Users/555/Desktop/FPSAssaultPack426/Content/FPS_Assault_Pack/Particles/Textures/T_Smoke_SubUV_2x2_ALB.uexp" 596
"C:/Users/555/Desktop/FPSAssaultPack426/Content/FPS_Assault_Pack/Particles/Materials/M_Smoke_MASTER.uasset" 597
"C:/Users/555/Desktop/FPSAssaultPack426/Content/FPS_Assault_Pack/Particles/Materials/M_Smoke_MASTER.uexp" 598
"../../../Engine/Content/Functions/Engine_MaterialFunctions01/Density/ExponentialDensity.uasset" 599
"../../../Engine/Content/Functions/Engine_MaterialFunctions01/Density/ExponentialDensity.uexp" 600
"../../../Engine/Content/Functions/Engine_MaterialFunctions01/Gradient/RadialGradientExponential.uasset" 601
"../../../Engine/Content/Functions/Engine_MaterialFunctions01/Gradient/RadialGradientExponential.uexp" 602
"C:/Users/555/Desktop/FPSAssaultPack426/Content/FPS_Assault_Pack/Particles/Materials/M_Spark.uasset" 603
"C:/Users/555/Desktop/FPSAssaultPack426/Content/FPS_Assault_Pack/Particles/Materials/M_Spark.uexp" 604
"C:/Users/555/Desktop/FPSAssaultPack426/Content/FPS_Assault_Pack/Particles/Textures/T_Muzzle_Warp_FMP.ubulk" 605
"C:/Users/555/Desktop/FPSAssaultPack426/Content/FPS_Assault_Pack/Particles/Textures/T_Muzzle_Warp_FMP.uasset" 606
"C:/Users/555/Desktop/FPSAssaultPack426/Content/FPS_Assault_Pack/Particles/Textures/T_Muzzle_Warp_FMP.uexp" 607
"C:/Users/555/Desktop/FPSAssaultPack426/Content/FPS_Assault_Pack/Particles/Textures/T_Muzzleflash_01_ALB.ubulk" 608
"C:/Users/555/Desktop/FPSAssaultPack426/Content/FPS_Assault_Pack/Particles/Textures/T_Muzzleflash_01_ALB.uasset" 609
"C:/Users/555/Desktop/FPSAssaultPack426/Content/FPS_Assault_Pack/Particles/Textures/T_Muzzleflash_01_ALB.uexp" 610
"C:/Users/555/Desktop/FPSAssaultPack426/Content/FPS_Assault_Pack/Particles/Materials/M_Muzzleflash_MASTER.uasset" 611
"C:/Users/555/Desktop/FPSAssaultPack426/Content/FPS_Assault_Pack/Particles/Materials/M_Muzzleflash_MASTER.uexp" 612
"C:/Users/555/Desktop/FPSAssaultPack426/Content/FPS_Assault_Pack/Particles/Materials/M_Muzzleflash_01.uasset" 613
"C:/Users/555/Desktop/FPSAssaultPack426/Content/FPS_Assault_Pack/Particles/Materials/M_Muzzleflash_01.uexp" 614
"C:/Users/555/Desktop/FPSAssaultPack426/Content/FPS_Assault_Pack/Particles/Textures/T_CleanSmoke_ALB.ubulk" 615
"C:/Users/555/Desktop/FPSAssaultPack426/Content/FPS_Assault_Pack/Particles/Textures/T_CleanSmoke_ALB.uasset" 616
"C:/Users/555/Desktop/FPSAssaultPack426/Content/FPS_Assault_Pack/Particles/Textures/T_CleanSmoke_ALB.uexp" 617
"C:/Users/555/Desktop/FPSAssaultPack426/Content/FPS_Assault_Pack/Particles/Textures/T_Detailed_and_Dense_FMP.ubulk" 618
"C:/Users/555/Desktop/FPSAssaultPack426/Content/FPS_Assault_Pack/Particles/Textures/T_Detailed_and_Dense_FMP.uasset" 619
"C:/Users/555/Desktop/FPSAssaultPack426/Content/FPS_Assault_Pack/Particles/Textures/T_Detailed_and_Dense_FMP.uexp" 620
"C:/Users/555/Desktop/FPSAssaultPack426/Content/FPS_Assault_Pack/Particles/Textures/T_Detailed_FMP.ubulk" 621
"C:/Users/555/Desktop/FPSAssaultPack426/Content/FPS_Assault_Pack/Particles/Textures/T_Detailed_FMP.uasset" 622
"C:/Users/555/Desktop/FPSAssaultPack426/Content/FPS_Assault_Pack/Particles/Textures/T_Detailed_FMP.uexp" 623
"C:/Users/555/Desktop/FPSAssaultPack426/Content/FPS_Assault_Pack/Particles/Materials/M_Smoke_FlowMap_MASTER.uasset" 624
"C:/Users/555/Desktop/FPSAssaultPack426/Content/FPS_Assault_Pack/Particles/Materials/M_Smoke_FlowMap_MASTER.uexp" 625
"C:/Users/555/Desktop/FPSAssaultPack426/Content/FPS_Assault_Pack/Particles/Materials/M_Smoke_FlowMap_01.uasset" 626
"C:/Users/555/Desktop/FPSAssaultPack426/Content/FPS_Assault_Pack/Particles/Materials/M_Smoke_FlowMap_01.uexp" 627
"C:/Users/555/Desktop/FPSAssaultPack426/Content/FPS_Assault_Pack/Particles/Emitters/AR74/P_RU74_Muzzleflash.uasset" 628
"C:/Users/555/Desktop/FPSAssaultPack426/Content/FPS_Assault_Pack/Particles/Emitters/AR74/P_RU74_Muzzleflash.uexp" 629
"C:/Users/555/Desktop/FPSAssaultPack426/Content/FPS_Assault_Pack/Meshes/RU74/SK_RU74_Skeleton.uasset" 630
"C:/Users/555/Desktop/FPSAssaultPack426/Content/FPS_Assault_Pack/Meshes/RU74/SK_RU74_Skeleton.uexp" 631
"C:/Users/555/Desktop/FPSAssaultPack426/Content/FPS_Assault_Pack/Textures/Ammunition/T_762x39_NRM.ubulk" 632
"C:/Users/555/Desktop/FPSAssaultPack426/Content/FPS_Assault_Pack/Textures/Ammunition/T_762x39_NRM.uasset" 633
"C:/Users/555/Desktop/FPSAssaultPack426/Content/FPS_Assault_Pack/Textures/Ammunition/T_762x39_NRM.uexp" 634
"C:/Users/555/Desktop/FPSAssaultPack426/Content/FPS_Assault_Pack/Textures/Ammunition/T_762x39_M_MSK.ubulk" 635
"C:/Users/555/Desktop/FPSAssaultPack426/Content/FPS_Assault_Pack/Textures/Ammunition/T_762x39_M_MSK.uasset" 636
"C:/Users/555/Desktop/FPSAssaultPack426/Content/FPS_Assault_Pack/Textures/Ammunition/T_762x39_M_MSK.uexp" 637
"C:/Users/555/Desktop/FPSAssaultPack426/Content/FPS_Assault_Pack/Textures/Ammunition/T_762x39_ALB.ubulk" 638
"C:/Users/555/Desktop/FPSAssaultPack426/Content/FPS_Assault_Pack/Textures/Ammunition/T_762x39_ALB.uasset" 639
"C:/Users/555/Desktop/FPSAssaultPack426/Content/FPS_Assault_Pack/Textures/Ammunition/T_762x39_ALB.uexp" 640
"C:/Users/555/Desktop/FPSAssaultPack426/Content/FPS_Assault_Pack/Materials/Ammunition/M_762x39.uasset" 641
"C:/Users/555/Desktop/FPSAssaultPack426/Content/FPS_Assault_Pack/Materials/Ammunition/M_762x39.uexp" 642
"C:/Users/555/Desktop/FPSAssaultPack426/Content/FPS_Assault_Pack/Meshes/Ammunition/SM_762x39_Empty.uasset" 643
"C:/Users/555/Desktop/FPSAssaultPack426/Content/FPS_Assault_Pack/Meshes/Ammunition/SM_762x39_Empty.uexp" 644
"C:/Users/555/Desktop/FPSAssaultPack426/Content/FPS_Assault_Pack/Particles/Emitters/AR74/P_RU74_ShellEject.uasset" 645
"C:/Users/555/Desktop/FPSAssaultPack426/Content/FPS_Assault_Pack/Particles/Emitters/AR74/P_RU74_ShellEject.uexp" 646
"C:/Users/555/Desktop/FPSAssaultPack426/Content/FPS_Assault_Pack/Animations/RU74/A_RU74_Shoot01.uasset" 647
"C:/Users/555/Desktop/FPSAssaultPack426/Content/FPS_Assault_Pack/Animations/RU74/A_RU74_Shoot01.uexp" 648
"C:/Users/555/Desktop/FPSAssaultPack426/Content/MilitaryWeapSilver/Sound/Rifle/Wavs/RifleA_Fire_ST03.ubulk" 649
"C:/Users/555/Desktop/FPSAssaultPack426/Content/MilitaryWeapSilver/Sound/Rifle/Wavs/RifleA_Fire_ST03.uasset" 650
"C:/Users/555/Desktop/FPSAssaultPack426/Content/MilitaryWeapSilver/Sound/Rifle/Wavs/RifleA_Fire_ST03.uexp" 651
"C:/Users/555/Desktop/FPSAssaultPack426/Content/MilitaryWeapSilver/Sound/Rifle/Wavs/RifleA_Fire05.ubulk" 652
"C:/Users/555/Desktop/FPSAssaultPack426/Content/MilitaryWeapSilver/Sound/Rifle/Wavs/RifleA_Fire05.uasset" 653
"C:/Users/555/Desktop/FPSAssaultPack426/Content/MilitaryWeapSilver/Sound/Rifle/Wavs/RifleA_Fire05.uexp" 654
"C:/Users/555/Desktop/FPSAssaultPack426/Content/MilitaryWeapSilver/Sound/Attenuation/WeaponShot_att.uasset" 655
"C:/Users/555/Desktop/FPSAssaultPack426/Content/MilitaryWeapSilver/Sound/Attenuation/WeaponShot_att.uexp" 656
"C:/Users/555/Desktop/FPSAssaultPack426/Content/MilitaryWeapSilver/Sound/Rifle/Wavs/RifleA_Fire_ST06.ubulk" 657
"C:/Users/555/Desktop/FPSAssaultPack426/Content/MilitaryWeapSilver/Sound/Rifle/Wavs/RifleA_Fire_ST06.uasset" 658
"C:/Users/555/Desktop/FPSAssaultPack426/Content/MilitaryWeapSilver/Sound/Rifle/Wavs/RifleA_Fire_ST06.uexp" 659
"C:/Users/555/Desktop/FPSAssaultPack426/Content/MilitaryWeapSilver/Sound/Rifle/Wavs/RifleA_Fire_ST05.ubulk" 660
"C:/Users/555/Desktop/FPSAssaultPack426/Content/MilitaryWeapSilver/Sound/Rifle/Wavs/RifleA_Fire_ST05.uasset" 661
"C:/Users/555/Desktop/FPSAssaultPack426/Content/MilitaryWeapSilver/Sound/Rifle/Wavs/RifleA_Fire_ST05.uexp" 662
"C:/Users/555/Desktop/FPSAssaultPack426/Content/MilitaryWeapSilver/Sound/Rifle/Wavs/RifleA_Fire_ST02.ubulk" 663
"C:/Users/555/Desktop/FPSAssaultPack426/Content/MilitaryWeapSilver/Sound/Rifle/Wavs/RifleA_Fire_ST02.uasset" 664
"C:/Users/555/Desktop/FPSAssaultPack426/Content/MilitaryWeapSilver/Sound/Rifle/Wavs/RifleA_Fire_ST02.uexp" 665
"C:/Users/555/Desktop/FPSAssaultPack426/Content/MilitaryWeapSilver/Sound/Rifle/Wavs/RifleA_Fire02.ubulk" 666
"C:/Users/555/Desktop/FPSAssaultPack426/Content/MilitaryWeapSilver/Sound/Rifle/Wavs/RifleA_Fire02.uasset" 667
"C:/Users/555/Desktop/FPSAssaultPack426/Content/MilitaryWeapSilver/Sound/Rifle/Wavs/RifleA_Fire02.uexp" 668
"C:/Users/555/Desktop/FPSAssaultPack426/Content/MilitaryWeapSilver/Sound/Rifle/Wavs/RifleA_Fire03.ubulk" 669
"C:/Users/555/Desktop/FPSAssaultPack426/Content/MilitaryWeapSilver/Sound/Rifle/Wavs/RifleA_Fire03.uasset" 670
"C:/Users/555/Desktop/FPSAssaultPack426/Content/MilitaryWeapSilver/Sound/Rifle/Wavs/RifleA_Fire03.uexp" 671
"C:/Users/555/Desktop/FPSAssaultPack426/Content/MilitaryWeapSilver/Sound/Rifle/Wavs/RifleA_Fire01.ubulk" 672
"C:/Users/555/Desktop/FPSAssaultPack426/Content/MilitaryWeapSilver/Sound/Rifle/Wavs/RifleA_Fire01.uasset" 673
"C:/Users/555/Desktop/FPSAssaultPack426/Content/MilitaryWeapSilver/Sound/Rifle/Wavs/RifleA_Fire01.uexp" 674
"C:/Users/555/Desktop/FPSAssaultPack426/Content/MilitaryWeapSilver/Sound/Rifle/Wavs/RifleA_Fire04.ubulk" 675
"C:/Users/555/Desktop/FPSAssaultPack426/Content/MilitaryWeapSilver/Sound/Rifle/Wavs/RifleA_Fire04.uasset" 676
"C:/Users/555/Desktop/FPSAssaultPack426/Content/MilitaryWeapSilver/Sound/Rifle/Wavs/RifleA_Fire04.uexp" 677
"C:/Users/555/Desktop/FPSAssaultPack426/Content/MilitaryWeapSilver/Sound/Rifle/Wavs/RifleA_Fire06.ubulk" 678
"C:/Users/555/Desktop/FPSAssaultPack426/Content/MilitaryWeapSilver/Sound/Rifle/Wavs/RifleA_Fire06.uasset" 679
"C:/Users/555/Desktop/FPSAssaultPack426/Content/MilitaryWeapSilver/Sound/Rifle/Wavs/RifleA_Fire06.uexp" 680
"C:/Users/555/Desktop/FPSAssaultPack426/Content/MilitaryWeapSilver/Sound/Rifle/Wavs/RifleA_Fire_ST04.ubulk" 681
"C:/Users/555/Desktop/FPSAssaultPack426/Content/MilitaryWeapSilver/Sound/Rifle/Wavs/RifleA_Fire_ST04.uasset" 682
"C:/Users/555/Desktop/FPSAssaultPack426/Content/MilitaryWeapSilver/Sound/Rifle/Wavs/RifleA_Fire_ST04.uexp" 683
"C:/Users/555/Desktop/FPSAssaultPack426/Content/MilitaryWeapSilver/Sound/Rifle/Wavs/RifleA_Fire_ST01.ubulk" 684
"C:/Users/555/Desktop/FPSAssaultPack426/Content/MilitaryWeapSilver/Sound/Rifle/Wavs/RifleA_Fire_ST01.uasset" 685
"C:/Users/555/Desktop/FPSAssaultPack426/Content/MilitaryWeapSilver/Sound/Rifle/Wavs/RifleA_Fire_ST01.uexp" 686
"C:/Users/555/Desktop/FPSAssaultPack426/Content/MilitaryWeapSilver/Sound/Rifle/Cues/RifleA_Fire_Cue.uasset" 687
"C:/Users/555/Desktop/FPSAssaultPack426/Content/MilitaryWeapSilver/Sound/Rifle/Cues/RifleA_Fire_Cue.uexp" 688
"C:/Users/555/Desktop/FPSAssaultPack426/Content/FPS_Assault_Pack/Animations/RU74/A_RU74_Shoot01_Montage.uasset" 689
"C:/Users/555/Desktop/FPSAssaultPack426/Content/FPS_Assault_Pack/Animations/RU74/A_RU74_Shoot01_Montage.uexp" 690
"../../../Engine/Content/EngineLightProfiles/Complex_IES.uasset" 691
"../../../Engine/Content/EngineLightProfiles/Complex_IES.uexp" 692
"C:/Users/555/Desktop/FPSAssaultPack426/Content/FPS_Assault_Pack/FPS_Arms/Meshes/Arms/SK_Custom_Arms_Skeleton.uasset" 693
"C:/Users/555/Desktop/FPSAssaultPack426/Content/FPS_Assault_Pack/FPS_Arms/Meshes/Arms/SK_Custom_Arms_Skeleton.uexp" 694
"C:/Users/555/Desktop/FPSAssaultPack426/Content/FPS_Assault_Pack/Animations/RU74/A_Arms_RU74_Melee.uasset" 695
"C:/Users/555/Desktop/FPSAssaultPack426/Content/FPS_Assault_Pack/Animations/RU74/A_Arms_RU74_Melee.uexp" 696
"C:/Users/555/Desktop/FPSAssaultPack426/Content/FPS_Assault_Pack/Animations/RU74/A_Arms_RU74_Melee_Montage.uasset" 697
"C:/Users/555/Desktop/FPSAssaultPack426/Content/FPS_Assault_Pack/Animations/RU74/A_Arms_RU74_Melee_Montage.uexp" 698
"C:/Users/555/Desktop/FPSAssaultPack426/Content/GameFiles/Crosshair_UI.uasset" 699
"C:/Users/555/Desktop/FPSAssaultPack426/Content/GameFiles/Crosshair_UI.uexp" 700
"C:/Users/555/Desktop/FPSAssaultPack426/Content/FPS_Assault_Pack/Animations/RU74/A_Arms_RU74_Isight_Shoot01.uasset" 701
"C:/Users/555/Desktop/FPSAssaultPack426/Content/FPS_Assault_Pack/Animations/RU74/A_Arms_RU74_Isight_Shoot01.uexp" 702
"C:/Users/555/Desktop/FPSAssaultPack426/Content/FPS_Assault_Pack/Animations/RU74/A_Arms_RU74_Isight_Shoot01_Montage.uasset" 703
"C:/Users/555/Desktop/FPSAssaultPack426/Content/FPS_Assault_Pack/Animations/RU74/A_Arms_RU74_Isight_Shoot01_Montage.uexp" 704
"C:/Users/555/Desktop/FPSAssaultPack426/Content/GameFiles/FiringShake.uasset" 705
"C:/Users/555/Desktop/FPSAssaultPack426/Content/GameFiles/FiringShake.uexp" 706
"C:/Users/555/Desktop/FPSAssaultPack426/Content/GameFiles/BP_PlayCameraShake.uasset" 707
"C:/Users/555/Desktop/FPSAssaultPack426/Content/GameFiles/BP_PlayCameraShake.uexp" 708
"C:/Users/555/Desktop/FPSAssaultPack426/Content/FPS_Assault_Pack/Animations/RU74/A_Arms_RU74_Shoot01.uasset" 709
"C:/Users/555/Desktop/FPSAssaultPack426/Content/FPS_Assault_Pack/Animations/RU74/A_Arms_RU74_Shoot01.uexp" 710
"C:/Users/555/Desktop/FPSAssaultPack426/Content/FPS_Assault_Pack/Animations/RU74/A_Arms_RU74_Shoot01_Montage.uasset" 711
"C:/Users/555/Desktop/FPSAssaultPack426/Content/FPS_Assault_Pack/Animations/RU74/A_Arms_RU74_Shoot01_Montage.uexp" 712
"C:/Users/555/Desktop/FPSAssaultPack426/Content/FPS_Assault_Pack/Animations/RU74/A_Arms_RU74_Shoot02.uasset" 713
"C:/Users/555/Desktop/FPSAssaultPack426/Content/FPS_Assault_Pack/Animations/RU74/A_Arms_RU74_Shoot02.uexp" 714
"C:/Users/555/Desktop/FPSAssaultPack426/Content/FPS_Assault_Pack/Animations/RU74/A_Arms_RU74_Shoot02_Montage.uasset" 715
"C:/Users/555/Desktop/FPSAssaultPack426/Content/FPS_Assault_Pack/Animations/RU74/A_Arms_RU74_Shoot02_Montage.uexp" 716
"C:/Users/555/Desktop/FPSAssaultPack426/Content/FPS_Assault_Pack/Animations/RU74/A_Arms_RU74_Grenade.uasset" 717
"C:/Users/555/Desktop/FPSAssaultPack426/Content/FPS_Assault_Pack/Animations/RU74/A_Arms_RU74_Grenade.uexp" 718
"C:/Users/555/Desktop/FPSAssaultPack426/Content/FPS_Assault_Pack/Animations/RU74/A_Arms_RU74_Grenade_Montage.uasset" 719
"C:/Users/555/Desktop/FPSAssaultPack426/Content/FPS_Assault_Pack/Animations/RU74/A_Arms_RU74_Grenade_Montage.uexp" 720
"C:/Users/555/Desktop/FPSAssaultPack426/Content/FPS_Assault_Pack/FPS_Arms/Textures/Arms/T_Arms_NRM.ubulk" 721
"C:/Users/555/Desktop/FPSAssaultPack426/Content/FPS_Assault_Pack/FPS_Arms/Textures/Arms/T_Arms_NRM.uasset" 722
"C:/Users/555/Desktop/FPSAssaultPack426/Content/FPS_Assault_Pack/FPS_Arms/Textures/Arms/T_Arms_NRM.uexp" 723
"C:/Users/555/Desktop/FPSAssaultPack426/Content/FPS_Assault_Pack/FPS_Arms/Textures/Arms/T_Arms_M_MSK.ubulk" 724
"C:/Users/555/Desktop/FPSAssaultPack426/Content/FPS_Assault_Pack/FPS_Arms/Textures/Arms/T_Arms_M_MSK.uasset" 725
"C:/Users/555/Desktop/FPSAssaultPack426/Content/FPS_Assault_Pack/FPS_Arms/Textures/Arms/T_Arms_M_MSK.uexp" 726
"C:/Users/555/Desktop/FPSAssaultPack426/Content/FPS_Assault_Pack/FPS_Arms/Textures/Arms/T_Arms_ALB.ubulk" 727
"C:/Users/555/Desktop/FPSAssaultPack426/Content/FPS_Assault_Pack/FPS_Arms/Textures/Arms/T_Arms_ALB.uasset" 728
"C:/Users/555/Desktop/FPSAssaultPack426/Content/FPS_Assault_Pack/FPS_Arms/Textures/Arms/T_Arms_ALB.uexp" 729
"C:/Users/555/Desktop/FPSAssaultPack426/Content/FPS_Assault_Pack/FPS_Arms/Materials/Arms/M_Arms.uasset" 730
"C:/Users/555/Desktop/FPSAssaultPack426/Content/FPS_Assault_Pack/FPS_Arms/Materials/Arms/M_Arms.uexp" 731
"C:/Users/555/Desktop/FPSAssaultPack426/Content/FPS_Assault_Pack/FPS_Arms/Meshes/Arms/SK_Custom_Arms.uasset" 732
"C:/Users/555/Desktop/FPSAssaultPack426/Content/FPS_Assault_Pack/FPS_Arms/Meshes/Arms/SK_Custom_Arms.uexp" 733
"C:/Users/555/Desktop/FPSAssaultPack426/Content/GameFiles/Weapon/Weapon_Base.uasset" 734
"C:/Users/555/Desktop/FPSAssaultPack426/Content/GameFiles/Weapon/Weapon_Base.uexp" 735
"C:/Users/555/Desktop/FPSAssaultPack426/Content/FPS_Assault_Pack/Materials/RU74/M_RU74_Body.uasset" 736
"C:/Users/555/Desktop/FPSAssaultPack426/Content/FPS_Assault_Pack/Materials/RU74/M_RU74_Body.uexp" 737
"C:/Users/555/Desktop/FPSAssaultPack426/Content/FPS_Assault_Pack/Textures/RU74/T_RU74_Stock_NRM.ubulk" 738
"C:/Users/555/Desktop/FPSAssaultPack426/Content/FPS_Assault_Pack/Textures/RU74/T_RU74_Stock_NRM.uasset" 739
"C:/Users/555/Desktop/FPSAssaultPack426/Content/FPS_Assault_Pack/Textures/RU74/T_RU74_Stock_NRM.uexp" 740
"C:/Users/555/Desktop/FPSAssaultPack426/Content/FPS_Assault_Pack/Textures/RU74/T_RU74_Stock_M_MSK.ubulk" 741
"C:/Users/555/Desktop/FPSAssaultPack426/Content/FPS_Assault_Pack/Textures/RU74/T_RU74_Stock_M_MSK.uasset" 742
"C:/Users/555/Desktop/FPSAssaultPack426/Content/FPS_Assault_Pack/Textures/RU74/T_RU74_Stock_M_MSK.uexp" 743
"C:/Users/555/Desktop/FPSAssaultPack426/Content/FPS_Assault_Pack/Textures/RU74/T_RU74_Stock_ALB.ubulk" 744
"C:/Users/555/Desktop/FPSAssaultPack426/Content/FPS_Assault_Pack/Textures/RU74/T_RU74_Stock_ALB.uasset" 745
"C:/Users/555/Desktop/FPSAssaultPack426/Content/FPS_Assault_Pack/Textures/RU74/T_RU74_Stock_ALB.uexp" 746
"C:/Users/555/Desktop/FPSAssaultPack426/Content/FPS_Assault_Pack/Materials/RU74/M_RU74_Stock.uasset" 747
"C:/Users/555/Desktop/FPSAssaultPack426/Content/FPS_Assault_Pack/Materials/RU74/M_RU74_Stock.uexp" 748
"C:/Users/555/Desktop/FPSAssaultPack426/Content/FPS_Assault_Pack/Meshes/RU74/SK_RU74_Physics.uasset" 749
"C:/Users/555/Desktop/FPSAssaultPack426/Content/FPS_Assault_Pack/Meshes/RU74/SK_RU74_Physics.uexp" 750
"C:/Users/555/Desktop/FPSAssaultPack426/Content/FPS_Assault_Pack/Textures/RU74/T_RU74_Mag_ALB.ubulk" 751
"C:/Users/555/Desktop/FPSAssaultPack426/Content/FPS_Assault_Pack/Textures/RU74/T_RU74_Mag_ALB.uasset" 752
"C:/Users/555/Desktop/FPSAssaultPack426/Content/FPS_Assault_Pack/Textures/RU74/T_RU74_Mag_ALB.uexp" 753
"C:/Users/555/Desktop/FPSAssaultPack426/Content/FPS_Assault_Pack/Textures/RU74/T_RU74_Mag_M_MSK.ubulk" 754
"C:/Users/555/Desktop/FPSAssaultPack426/Content/FPS_Assault_Pack/Textures/RU74/T_RU74_Mag_M_MSK.uasset" 755
"C:/Users/555/Desktop/FPSAssaultPack426/Content/FPS_Assault_Pack/Textures/RU74/T_RU74_Mag_M_MSK.uexp" 756
"C:/Users/555/Desktop/FPSAssaultPack426/Content/FPS_Assault_Pack/Textures/RU74/T_RU74_Mag_NRM.ubulk" 757
"C:/Users/555/Desktop/FPSAssaultPack426/Content/FPS_Assault_Pack/Textures/RU74/T_RU74_Mag_NRM.uasset" 758
"C:/Users/555/Desktop/FPSAssaultPack426/Content/FPS_Assault_Pack/Textures/RU74/T_RU74_Mag_NRM.uexp" 759
"C:/Users/555/Desktop/FPSAssaultPack426/Content/FPS_Assault_Pack/Materials/RU74/M_RU74_Mag.uasset" 760
"C:/Users/555/Desktop/FPSAssaultPack426/Content/FPS_Assault_Pack/Materials/RU74/M_RU74_Mag.uexp" 761
"C:/Users/555/Desktop/FPSAssaultPack426/Content/FPS_Assault_Pack/Meshes/RU74/SK_RU74.uasset" 762
"C:/Users/555/Desktop/FPSAssaultPack426/Content/FPS_Assault_Pack/Meshes/RU74/SK_RU74.uexp" 763
"C:/Users/555/Desktop/FPSAssaultPack426/Content/FPS_Assault_Pack/Animations/RU74/BP_RU74_AnimBP.uasset" 764
"C:/Users/555/Desktop/FPSAssaultPack426/Content/FPS_Assault_Pack/Animations/RU74/BP_RU74_AnimBP.uexp" 765
"../../../Engine/Content/EditorBlueprintResources/StandardMacros.uasset" 766
"../../../Engine/Content/EditorBlueprintResources/StandardMacros.uexp" 767
"C:/Users/555/Desktop/FPSAssaultPack426/Content/GameFiles/Weapon/Weapon_AK.uasset" 768
"C:/Users/555/Desktop/FPSAssaultPack426/Content/GameFiles/Weapon/Weapon_AK.uexp" 769
"C:/Users/555/Desktop/FPSAssaultPack426/Content/FPS_Assault_Pack/Animations/RU74/A_Arms_RU74_Isight_Walk_FWD.uasset" 770
"C:/Users/555/Desktop/FPSAssaultPack426/Content/FPS_Assault_Pack/Animations/RU74/A_Arms_RU74_Isight_Walk_FWD.uexp" 771
"C:/Users/555/Desktop/FPSAssaultPack426/Content/FPS_Assault_Pack/Animations/RU74/A_Arms_RU74_Holster.uasset" 772
"C:/Users/555/Desktop/FPSAssaultPack426/Content/FPS_Assault_Pack/Animations/RU74/A_Arms_RU74_Holster.uexp" 773
"C:/Users/555/Desktop/FPSAssaultPack426/Content/FPS_Assault_Pack/Animations/RU74/A_Arms_RU74_Idle01.uasset" 774
"C:/Users/555/Desktop/FPSAssaultPack426/Content/FPS_Assault_Pack/Animations/RU74/A_Arms_RU74_Idle01.uexp" 775
"C:/Users/555/Desktop/FPSAssaultPack426/Content/FPS_Assault_Pack/Animations/RU74/A_Arms_RU74_Idle02.uasset" 776
"C:/Users/555/Desktop/FPSAssaultPack426/Content/FPS_Assault_Pack/Animations/RU74/A_Arms_RU74_Idle02.uexp" 777
"C:/Users/555/Desktop/FPSAssaultPack426/Content/FPS_Assault_Pack/Animations/RU74/A_Arms_RU74_Isight_Idle01.uasset" 778
"C:/Users/555/Desktop/FPSAssaultPack426/Content/FPS_Assault_Pack/Animations/RU74/A_Arms_RU74_Isight_Idle01.uexp" 779
"C:/Users/555/Desktop/FPSAssaultPack426/Content/FPS_Assault_Pack/Animations/RU74/A_Arms_RU74_Sprint_FWD.uasset" 780
"C:/Users/555/Desktop/FPSAssaultPack426/Content/FPS_Assault_Pack/Animations/RU74/A_Arms_RU74_Sprint_FWD.uexp" 781
"C:/Users/555/Desktop/FPSAssaultPack426/Content/FPS_Assault_Pack/Animations/RU74/A_Arms_RU74_Equip.uasset" 782
"C:/Users/555/Desktop/FPSAssaultPack426/Content/FPS_Assault_Pack/Animations/RU74/A_Arms_RU74_Equip.uexp" 783
"C:/Users/555/Desktop/FPSAssaultPack426/Content/FPS_Assault_Pack/Animations/RU74/A_Arms_RU74_Walk_FWD.uasset" 784
"C:/Users/555/Desktop/FPSAssaultPack426/Content/FPS_Assault_Pack/Animations/RU74/A_Arms_RU74_Walk_FWD.uexp" 785
"C:/Users/555/Desktop/FPSAssaultPack426/Content/FPS_Assault_Pack/Animations/RU74/BP_Arms_RU74_AnimBP.uasset" 786
"C:/Users/555/Desktop/FPSAssaultPack426/Content/FPS_Assault_Pack/Animations/RU74/BP_Arms_RU74_AnimBP.uexp" 787
"C:/Users/555/Desktop/FPSAssaultPack426/Content/Characters/GameFiles/MenuWidgetUI.uasset" 788
"C:/Users/555/Desktop/FPSAssaultPack426/Content/Characters/GameFiles/MenuWidgetUI.uexp" 789
"C:/Users/555/Desktop/FPSAssaultPack426/Content/FPS_Assault_Pack/Blueprints/RU74/BP_RU74_Character.uasset" 790
"C:/Users/555/Desktop/FPSAssaultPack426/Content/FPS_Assault_Pack/Blueprints/RU74/BP_RU74_Character.uexp" 791
"C:/Users/555/Desktop/FPSAssaultPack426/Content/FPS_Assault_Pack/Blueprints/BP_FPS_GameMode.uasset" 792
"C:/Users/555/Desktop/FPSAssaultPack426/Content/FPS_Assault_Pack/Blueprints/BP_FPS_GameMode.uexp" 793
"C:/Users/555/Desktop/FPSAssaultPack426/Content/ThirdPerson/Maps/Untitled_HLOD0_Instancing.uasset" 794
"C:/Users/555/Desktop/FPSAssaultPack426/Content/ThirdPerson/Maps/Untitled_HLOD0_Instancing.uexp" 795
"C:/Users/555/Desktop/FPSAssaultPack426/Content/ThirdPerson/Maps/Untitled.uexp" 796
"C:/Users/555/Desktop/FPSAssaultPack426/Content/ThirdPerson/Maps/Untitled.ubulk" 797
"C:/Users/555/Desktop/FPSAssaultPack426/Content/ThirdPerson/Maps/Untitled.umap" 798
"C:/Users/555/Desktop/FPSAssaultPack426/Content/ThirdPerson/Maps/Untitled/_Generated_/Untitled_MainGrid_L0_X-1_Y0_DL0.uexp" 799
"C:/Users/555/Desktop/FPSAssaultPack426/Content/ThirdPerson/Maps/Untitled/_Generated_/Untitled_MainGrid_L0_X-1_Y0_DL0.umap" 800
"C:/Users/555/Desktop/FPSAssaultPack426/Content/ThirdPerson/Maps/Untitled/_Generated_/Untitled_MainGrid_L2_X0_Y-1_DL0.uexp" 801
"C:/Users/555/Desktop/FPSAssaultPack426/Content/ThirdPerson/Maps/Untitled/_Generated_/Untitled_MainGrid_L2_X0_Y-1_DL0.ubulk" 802
"C:/Users/555/Desktop/FPSAssaultPack426/Content/ThirdPerson/Maps/Untitled/_Generated_/Untitled_MainGrid_L2_X0_Y-1_DL0.umap" 803
"C:/Users/555/Desktop/FPSAssaultPack426/Content/ThirdPerson/Maps/Untitled/_Generated_/Untitled_MainGrid_L1_X-1_Y-2_DL0.uexp" 804
"C:/Users/555/Desktop/FPSAssaultPack426/Content/ThirdPerson/Maps/Untitled/_Generated_/Untitled_MainGrid_L1_X-1_Y-2_DL0.ubulk" 805
"C:/Users/555/Desktop/FPSAssaultPack426/Content/ThirdPerson/Maps/Untitled/_Generated_/Untitled_MainGrid_L1_X-1_Y-2_DL0.umap" 806
"C:/Users/555/Desktop/FPSAssaultPack426/Content/ThirdPerson/Maps/Untitled/_Generated_/Untitled_MainGrid_L1_X-1_Y0_DL0.uexp" 807
"C:/Users/555/Desktop/FPSAssaultPack426/Content/ThirdPerson/Maps/Untitled/_Generated_/Untitled_MainGrid_L1_X-1_Y0_DL0.ubulk" 808
"C:/Users/555/Desktop/FPSAssaultPack426/Content/ThirdPerson/Maps/Untitled/_Generated_/Untitled_MainGrid_L1_X-1_Y0_DL0.umap" 809
"C:/Users/555/Desktop/FPSAssaultPack426/Content/ThirdPerson/Maps/Untitled/_Generated_/Untitled_MainGrid_L0_X0_Y0_DL0.uexp" 810
"C:/Users/555/Desktop/FPSAssaultPack426/Content/ThirdPerson/Maps/Untitled/_Generated_/Untitled_MainGrid_L0_X0_Y0_DL0.ubulk" 811
"C:/Users/555/Desktop/FPSAssaultPack426/Content/ThirdPerson/Maps/Untitled/_Generated_/Untitled_MainGrid_L0_X0_Y0_DL0.umap" 812
"C:/Users/555/Desktop/FPSAssaultPack426/Content/ThirdPerson/Maps/Untitled/_Generated_/Untitled_MainGrid_L2_X-1_Y0_DL0.uexp" 813
"C:/Users/555/Desktop/FPSAssaultPack426/Content/ThirdPerson/Maps/Untitled/_Generated_/Untitled_MainGrid_L2_X-1_Y0_DL0.ubulk" 814
"C:/Users/555/Desktop/FPSAssaultPack426/Content/ThirdPerson/Maps/Untitled/_Generated_/Untitled_MainGrid_L2_X-1_Y0_DL0.umap" 815
"C:/Users/555/Desktop/FPSAssaultPack426/Content/ThirdPerson/Maps/Untitled/_Generated_/Untitled_MainGrid_L1_X0_Y0_DL0.uexp" 816
"C:/Users/555/Desktop/FPSAssaultPack426/Content/ThirdPerson/Maps/Untitled/_Generated_/Untitled_MainGrid_L1_X0_Y0_DL0.ubulk" 817
"C:/Users/555/Desktop/FPSAssaultPack426/Content/ThirdPerson/Maps/Untitled/_Generated_/Untitled_MainGrid_L1_X0_Y0_DL0.umap" 818
"C:/Users/555/Desktop/FPSAssaultPack426/Content/ThirdPerson/Maps/Untitled/_Generated_/Untitled_MainGrid_L1_X-1_Y1_DL0.uexp" 819
"C:/Users/555/Desktop/FPSAssaultPack426/Content/ThirdPerson/Maps/Untitled/_Generated_/Untitled_MainGrid_L1_X-1_Y1_DL0.ubulk" 820
"C:/Users/555/Desktop/FPSAssaultPack426/Content/ThirdPerson/Maps/Untitled/_Generated_/Untitled_MainGrid_L1_X-1_Y1_DL0.umap" 821
"C:/Users/555/Desktop/FPSAssaultPack426/Content/ThirdPerson/Maps/Untitled/_Generated_/Untitled_MainGrid_L1_X0_Y-2_DL0.uexp" 822
"C:/Users/555/Desktop/FPSAssaultPack426/Content/ThirdPerson/Maps/Untitled/_Generated_/Untitled_MainGrid_L1_X0_Y-2_DL0.ubulk" 823
"C:/Users/555/Desktop/FPSAssaultPack426/Content/ThirdPerson/Maps/Untitled/_Generated_/Untitled_MainGrid_L1_X0_Y-2_DL0.umap" 824
"C:/Users/555/Desktop/FPSAssaultPack426/Content/ThirdPerson/Maps/Untitled/_Generated_/Untitled_MainGrid_L2_X-1_Y-1_DL0.uexp" 825
"C:/Users/555/Desktop/FPSAssaultPack426/Content/ThirdPerson/Maps/Untitled/_Generated_/Untitled_MainGrid_L2_X-1_Y-1_DL0.ubulk" 826
"C:/Users/555/Desktop/FPSAssaultPack426/Content/ThirdPerson/Maps/Untitled/_Generated_/Untitled_MainGrid_L2_X-1_Y-1_DL0.umap" 827
"C:/Users/555/Desktop/FPSAssaultPack426/Content/ThirdPerson/Maps/Untitled/_Generated_/Untitled_MainGrid_L2_X0_Y0_DL0.uexp" 828
"C:/Users/555/Desktop/FPSAssaultPack426/Content/ThirdPerson/Maps/Untitled/_Generated_/Untitled_MainGrid_L2_X0_Y0_DL0.ubulk" 829
"C:/Users/555/Desktop/FPSAssaultPack426/Content/ThirdPerson/Maps/Untitled/_Generated_/Untitled_MainGrid_L2_X0_Y0_DL0.umap" 830
"C:/Users/555/Desktop/FPSAssaultPack426/Content/ThirdPerson/Maps/Untitled/_Generated_/Untitled_MainGrid_L1_X-1_Y-1_DL0.uexp" 831
"C:/Users/555/Desktop/FPSAssaultPack426/Content/ThirdPerson/Maps/Untitled/_Generated_/Untitled_MainGrid_L1_X-1_Y-1_DL0.ubulk" 832
"C:/Users/555/Desktop/FPSAssaultPack426/Content/ThirdPerson/Maps/Untitled/_Generated_/Untitled_MainGrid_L1_X-1_Y-1_DL0.umap" 833
"C:/Users/555/Desktop/FPSAssaultPack426/Content/ThirdPerson/Maps/Untitled/_Generated_/Untitled_MainGrid_L1_X1_Y-1_DL0.uexp" 834
"C:/Users/555/Desktop/FPSAssaultPack426/Content/ThirdPerson/Maps/Untitled/_Generated_/Untitled_MainGrid_L1_X1_Y-1_DL0.ubulk" 835
"C:/Users/555/Desktop/FPSAssaultPack426/Content/ThirdPerson/Maps/Untitled/_Generated_/Untitled_MainGrid_L1_X1_Y-1_DL0.umap" 836
"C:/Users/555/Desktop/FPSAssaultPack426/Content/ThirdPerson/Maps/Untitled/_Generated_/Untitled_MainGrid_L1_X0_Y1_DL0.uexp" 837
"C:/Users/555/Desktop/FPSAssaultPack426/Content/ThirdPerson/Maps/Untitled/_Generated_/Untitled_MainGrid_L1_X0_Y1_DL0.ubulk" 838
"C:/Users/555/Desktop/FPSAssaultPack426/Content/ThirdPerson/Maps/Untitled/_Generated_/Untitled_MainGrid_L1_X0_Y1_DL0.umap" 839
"C:/Users/555/Desktop/FPSAssaultPack426/Content/ThirdPerson/Maps/Untitled/_Generated_/Untitled_MainGrid_L1_X1_Y0_DL0.uexp" 840
"C:/Users/555/Desktop/FPSAssaultPack426/Content/ThirdPerson/Maps/Untitled/_Generated_/Untitled_MainGrid_L1_X1_Y0_DL0.ubulk" 841
"C:/Users/555/Desktop/FPSAssaultPack426/Content/ThirdPerson/Maps/Untitled/_Generated_/Untitled_MainGrid_L1_X1_Y0_DL0.umap" 842
"C:/Users/555/Desktop/FPSAssaultPack426/Content/ThirdPerson/Maps/Untitled/_Generated_/Untitled_MainGrid_L1_X-2_Y-1_DL0.uexp" 843
"C:/Users/555/Desktop/FPSAssaultPack426/Content/ThirdPerson/Maps/Untitled/_Generated_/Untitled_MainGrid_L1_X-2_Y-1_DL0.ubulk" 844
"C:/Users/555/Desktop/FPSAssaultPack426/Content/ThirdPerson/Maps/Untitled/_Generated_/Untitled_MainGrid_L1_X-2_Y-1_DL0.umap" 845
"C:/Users/555/Desktop/FPSAssaultPack426/Content/ThirdPerson/Maps/Untitled/_Generated_/Untitled_MainGrid_L1_X-2_Y0_DL0.uexp" 846
"C:/Users/555/Desktop/FPSAssaultPack426/Content/ThirdPerson/Maps/Untitled/_Generated_/Untitled_MainGrid_L1_X-2_Y0_DL0.ubulk" 847
"C:/Users/555/Desktop/FPSAssaultPack426/Content/ThirdPerson/Maps/Untitled/_Generated_/Untitled_MainGrid_L1_X-2_Y0_DL0.umap" 848
"C:/Users/555/Desktop/FPSAssaultPack426/Content/ThirdPerson/Maps/Untitled/_Generated_/Untitled_MainGrid_L1_X-2_Y-2_DL0.uexp" 849
"C:/Users/555/Desktop/FPSAssaultPack426/Content/ThirdPerson/Maps/Untitled/_Generated_/Untitled_MainGrid_L1_X-2_Y-2_DL0.ubulk" 850
"C:/Users/555/Desktop/FPSAssaultPack426/Content/ThirdPerson/Maps/Untitled/_Generated_/Untitled_MainGrid_L1_X-2_Y-2_DL0.umap" 851
"C:/Users/555/Desktop/FPSAssaultPack426/Content/ThirdPerson/Maps/Untitled/_Generated_/Untitled_MainGrid_L1_X1_Y-2_DL0.uexp" 852
"C:/Users/555/Desktop/FPSAssaultPack426/Content/ThirdPerson/Maps/Untitled/_Generated_/Untitled_MainGrid_L1_X1_Y-2_DL0.ubulk" 853
"C:/Users/555/Desktop/FPSAssaultPack426/Content/ThirdPerson/Maps/Untitled/_Generated_/Untitled_MainGrid_L1_X1_Y-2_DL0.umap" 854
"C:/Users/555/Desktop/FPSAssaultPack426/Content/ThirdPerson/Maps/Untitled/_Generated_/Untitled_MainGrid_L1_X1_Y1_DL0.uexp" 855
"C:/Users/555/Desktop/FPSAssaultPack426/Content/ThirdPerson/Maps/Untitled/_Generated_/Untitled_MainGrid_L1_X1_Y1_DL0.ubulk" 856
"C:/Users/555/Desktop/FPSAssaultPack426/Content/ThirdPerson/Maps/Untitled/_Generated_/Untitled_MainGrid_L1_X1_Y1_DL0.umap" 857
"C:/Users/555/Desktop/FPSAssaultPack426/Content/ThirdPerson/Maps/Untitled/_Generated_/Untitled_MainGrid_L1_X0_Y-1_DL0.uexp" 858
"C:/Users/555/Desktop/FPSAssaultPack426/Content/ThirdPerson/Maps/Untitled/_Generated_/Untitled_MainGrid_L1_X0_Y-1_DL0.ubulk" 859
"C:/Users/555/Desktop/FPSAssaultPack426/Content/ThirdPerson/Maps/Untitled/_Generated_/Untitled_MainGrid_L1_X0_Y-1_DL0.umap" 860
"C:/Users/555/Desktop/FPSAssaultPack426/Content/ThirdPerson/Maps/Untitled/_Generated_/Untitled_MainGrid_L1_X-2_Y1_DL0.uexp" 861
"C:/Users/555/Desktop/FPSAssaultPack426/Content/ThirdPerson/Maps/Untitled/_Generated_/Untitled_MainGrid_L1_X-2_Y1_DL0.ubulk" 862
"C:/Users/555/Desktop/FPSAssaultPack426/Content/ThirdPerson/Maps/Untitled/_Generated_/Untitled_MainGrid_L1_X-2_Y1_DL0.umap" 863
